=== Verification Error - Iteration 2 ===
File: /Users/sergiu.bursuc/baif/vericoding/benchmarks/verus/bignum/files/bignum_ModExp_Zeroes.rs
Time: 2025-09-15 19:20:23

Full Error Output:
--------------------------------------------------------------------------------
Compilation failed: error[E0282]: type annotations needed
  --> /Users/sergiu.bursuc/baif/vericoding/benchmarks/verus/bignum/vericoder_glm_15-09_18h46/bignum_ModExp_Zeroes_impl.rs:29:39
   |
29 |     else { (if bits.index(0) == '1' { 1 } else { 0 }) + 2 * bits_to_nat_reversed(bits.subrange(1, bits.len() as int)) }
   |                                       ^ cannot infer type of the type parameter `hint_please_add_suffix_on_literal_like_100u32_or_100int_or_100nat` declared on the function `spec_literal_integer`
   |
help: consider specifying the generic argument
   |
29 |     else { (if bits.index(0) == '1' { 1::<hint_please_add_suffix_on_literal_like_100u32_or_100int_or_100nat> } else { 0 }) + 2 * bits_to_nat_reversed(bits.subrange(1, bits.len() as int)) }
   |                                        +++++++++++++++++++++++++++++++++++++++++++++++++++++++++++++++++++++

error[E0308]: mismatched types
  --> /Users/sergiu.bursuc/baif/vericoding/benchmarks/verus/bignum/vericoder_glm_15-09_18h46/bignum_ModExp_Zeroes_impl.rs:35:22
   |
35 |     let mut n: nat = 0;
   |                ---   ^ expected `nat`, found integer
   |                |
   |                expected due to this

error[E0308]: mismatched types
  --> /Users/sergiu.bursuc/baif/vericoding/benchmarks/verus/bignum/vericoder_glm_15-09_18h46/bignum_ModExp_Zeroes_impl.rs:43:17
   |
43 |         n = n * 2 + digit;
   |             -   ^ expected `nat`, found integer
   |             |
   |             expected because this is `verus_builtin::nat`

error[E0308]: mismatched types
  --> /Users/sergiu.bursuc/baif/vericoding/benchmarks/verus/bignum/vericoder_glm_15-09_18h46/bignum_ModExp_Zeroes_impl.rs:43:21
   |
43 |         n = n * 2 + digit;
   |             -----   ^^^^^ expected `nat`, found integer
   |             |
   |             expected because this is `verus_builtin::nat`

error[E0308]: mismatched types
  --> /Users/sergiu.bursuc/baif/vericoding/benchmarks/verus/bignum/vericoder_glm_15-09_18h46/bignum_ModExp_Zeroes_impl.rs:50:13
   |
50 |     if n == 0 {
   |        -    ^ expected `nat`, found integer
   |        |
   |        expected because this is `verus_builtin::nat`

error[E0308]: mismatched types
  --> /Users/sergiu.bursuc/baif/vericoding/benchmarks/verus/bignum/vericoder_glm_15-09_18h46/bignum_ModExp_Zeroes_impl.rs:55:25
   |
55 |         while current > 0
   |               -------   ^ expected `nat`, found integer
   |               |
   |               expected because this is `verus_builtin::nat`

error[E0599]: no method named `pow` found for struct `verus_builtin::nat` in the current scope
  --> /Users/sergiu.bursuc/baif/vericoding/benchmarks/verus/bignum/vericoder_glm_15-09_18h46/bignum_ModExp_Zeroes_impl.rs:58:43
   |
58 |                 n == current * (2 as nat).pow(bits.len() as nat) + bits_to_nat_reversed(bits@)
   |                                           ^^^ method not found in `nat`

error[E0308]: mismatched types
  --> /Users/sergiu.bursuc/baif/vericoding/benchmarks/verus/bignum/vericoder_glm_15-09_18h46/bignum_ModExp_Zeroes_impl.rs:60:36
   |
60 |             let bit = if current % 2 == 1 { '1' } else { '0' };
   |                          -------   ^ expected `nat`, found integer
   |                          |
   |                          expected because this is `verus_builtin::nat`

error[E0308]: mismatched types
  --> /Users/sergiu.bursuc/baif/vericoding/benchmarks/verus/bignum/vericoder_glm_15-09_18h46/bignum_ModExp_Zeroes_impl.rs:60:41
   |
60 |             let bit = if current % 2 == 1 { '1' } else { '0' };
   |                          -----------    ^ expected `nat`, found integer
   |                          |
   |                          expected because this is `verus_builtin::nat`

error[E0308]: mismatched types
  --> /Users/sergiu.bursuc/baif/vericoding/benchmarks/verus/bignum/vericoder_glm_15-09_18h46/bignum_ModExp_Zeroes_impl.rs:62:33
   |
62 |             current = current / 2;
   |                       -------   ^ expected `nat`, found integer
   |                       |
   |                       expected because this is `verus_builtin::nat`

error[E0277]: cannot calculate the remainder of `{integer}` divided by `verus_builtin::nat`
  --> /Users/sergiu.bursuc/baif/vericoding/benchmarks/verus/bignum/vericoder_glm_15-09_18h46/bignum_ModExp_Zeroes_impl.rs:73:11
   |
73 |         1 % modulus
   |           ^ no implementation for `{integer} % verus_builtin::nat`
   |
   = help: the trait `std::ops::Rem<verus_builtin::nat>` is not implemented for `{integer}`
   = help: the following other types implement trait `std::ops::Rem<Rhs>`:
             `&f128` implements `std::ops::Rem<f128>`
             `&f128` implements `std::ops::Rem`
             `&f16` implements `std::ops::Rem<f16>`
             `&f16` implements `std::ops::Rem`
             `&f32` implements `std::ops::Rem<f32>`
             `&f32` implements `std::ops::Rem`
             `&f64` implements `std::ops::Rem<f64>`
             `&f64` implements `std::ops::Rem`
           and 62 others

error[E0277]: cannot calculate the remainder of `{integer}` divided by `verus_builtin::nat`
  --> /Users/sergiu.bursuc/baif/vericoding/benchmarks/verus/bignum/vericoder_glm_15-09_18h46/bignum_ModExp_Zeroes_impl.rs:82:40
   |
82 |             result = (result * result) % modulus;
   |                                        ^ no implementation for `{integer} % verus_builtin::nat`
   |
   = help: the trait `std::ops::Rem<verus_builtin::nat>` is not implemented for `{integer}`
   = help: the following other types implement trait `std::ops::Rem<Rhs>`:
             `&f128` implements `std::ops::Rem<f128>`
             `&f128` implements `std::ops::Rem`
             `&f16` implements `std::ops::Rem<f16>`
             `&f16` implements `std::ops::Rem`
             `&f32` implements `std::ops::Rem<f32>`
             `&f32` implements `std::ops::Rem`
             `&f64` implements `std::ops::Rem<f64>`
             `&f64` implements `std::ops::Rem`
           and 62 others

error[E0277]: cannot multiply `{integer}` by `verus_builtin::nat`
  --> /Users/sergiu.bursuc/baif/vericoding/benchmarks/verus/bignum/vericoder_glm_15-09_18h46/bignum_ModExp_Zeroes_impl.rs:84:34
   |
84 |                 result = (result * base) % modulus;
   |                                  ^ no implementation for `{integer} * verus_builtin::nat`
   |
   = help: the trait `std::ops::Mul<verus_builtin::nat>` is not implemented for `{integer}`
   = help: the following other types implement trait `std::ops::Mul<Rhs>`:
             `&f128` implements `std::ops::Mul<f128>`
             `&f128` implements `std::ops::Mul`
             `&f16` implements `std::ops::Mul<f16>`
             `&f16` implements `std::ops::Mul`
             `&f32` implements `std::ops::Mul<f32>`
             `&f32` implements `std::ops::Mul`
             `&f64` implements `std::ops::Mul<f64>`
             `&f64` implements `std::ops::Mul`
           and 57 others

error[E0308]: mismatched types
  --> /Users/sergiu.bursuc/baif/vericoding/benchmarks/verus/bignum/vericoder_glm_15-09_18h46/bignum_ModExp_Zeroes_impl.rs:87:9
   |
68 | exec fn mod_exp(base: nat, exponent: &[char], modulus: nat) -> (res: nat)
   |                                                                      --- expected `verus_builtin::nat` because of return type
...
87 |         result
   |         ^^^^^^ expected `nat`, found integer

error: aborting due to 14 previous errors

Some errors have detailed explanations: E0277, E0282, E0308, E0599.
For more information about an error, try `rustc --explain E0277`.

--------------------------------------------------------------------------------

Additional Output:
error[E0282]: type annotations needed
  --> /Users/sergiu.bursuc/baif/vericoding/benchmarks/verus/bignum/vericoder_glm_15-09_18h46/bignum_ModExp_Zeroes_impl.rs:29:39
   |
29 |     else { (if bits.index(0) == '1' { 1 } else { 0 }) + 2 * bits_to_nat_reversed(bits.subrange(1, bits.len() as int)) }
   |                                       ^ cannot infer type of the type parameter `hint_please_add_suffix_on_literal_like_100u32_or_100int_or_100nat` declared on the function `spec_literal_integer`
   |
help: consider specifying the generic argument
   |
29 |     else { (if bits.index(0) == '1' { 1::<hint_please_add_suffix_on_literal_like_100u32_or_100int_or_100nat> } else { 0 }) + 2 * bits_to_nat_reversed(bits.subrange(1, bits.len() as int)) }
   |                                        +++++++++++++++++++++++++++++++++++++++++++++++++++++++++++++++++++++

error[E0308]: mismatched types
  --> /Users/sergiu.bursuc/baif/vericoding/benchmarks/verus/bignum/vericoder_glm_15-09_18h46/bignum_ModExp_Zeroes_impl.rs:35:22
   |
35 |     let mut n: nat = 0;
   |                ---   ^ expected `nat`, found integer
   |                |
   |                expected due to this

error[E0308]: mismatched types
  --> /Users/sergiu.bursuc/baif/vericoding/benchmarks/verus/bignum/vericoder_glm_15-09_18h46/bignum_ModExp_Zeroes_impl.rs:43:17
   |
43 |         n = n * 2 + digit;
   |             -   ^ expected `nat`, found integer
   |             |
   |             expected because this is `verus_builtin::nat`

error[E0308]: mismatched types
  --> /Users/sergiu.bursuc/baif/vericoding/benchmarks/verus/bignum/vericoder_glm_15-09_18h46/bignum_ModExp_Zeroes_impl.rs:43:21
   |
43 |         n = n * 2 + digit;
   |             -----   ^^^^^ expected `nat`, found integer
   |             |
   |             expected because this is `verus_builtin::nat`

error[E0308]: mismatched types
  --> /Users/sergiu.bursuc/baif/vericoding/benchmarks/verus/bignum/vericoder_glm_15-09_18h46/bignum_ModExp_Zeroes_impl.rs:50:13
   |
50 |     if n == 0 {
   |        -    ^ expected `nat`, found integer
   |        |
   |        expected because this is `verus_builtin::nat`

error[E0308]: mismatched types
  --> /Users/sergiu.bursuc/baif/vericoding/benchmarks/verus/bignum/vericoder_glm_15-09_18h46/bignum_ModExp_Zeroes_impl.rs:55:25
   |
55 |         while current > 0
   |               -------   ^ expected `nat`, found integer
   |               |
   |               expected because this is `verus_builtin::nat`

error[E0599]: no method named `pow` found for struct `verus_builtin::nat` in the current scope
  --> /Users/sergiu.bursuc/baif/vericoding/benchmarks/verus/bignum/vericoder_glm_15-09_18h46/bignum_ModExp_Zeroes_impl.rs:58:43
   |
58 |                 n == current * (2 as nat).pow(bits.len() as nat) + bits_to_nat_reversed(bits@)
   |                                           ^^^ method not found in `nat`

error[E0308]: mismatched types
  --> /Users/sergiu.bursuc/baif/vericoding/benchmarks/verus/bignum/vericoder_glm_15-09_18h46/bignum_ModExp_Zeroes_impl.rs:60:36
   |
60 |             let bit = if current % 2 == 1 { '1' } else { '0' };
   |                          -------   ^ expected `nat`, found integer
   |                          |
   |                          expected because this is `verus_builtin::nat`

error[E0308]: mismatched types
  --> /Users/sergiu.bursuc/baif/vericoding/benchmarks/verus/bignum/vericoder_glm_15-09_18h46/bignum_ModExp_Zeroes_impl.rs:60:41
   |
60 |             let bit = if current % 2 == 1 { '1' } else { '0' };
   |                          -----------    ^ expected `nat`, found integer
   |                          |
   |                          expected because this is `verus_builtin::nat`

error[E0308]: mismatched types
  --> /Users/sergiu.bursuc/baif/vericoding/benchmarks/verus/bignum/vericoder_glm_15-09_18h46/bignum_ModExp_Zeroes_impl.rs:62:33
   |
62 |             current = current / 2;
   |                       -------   ^ expected `nat`, found integer
   |                       |
   |                       expected because this is `verus_builtin::nat`

error[E0277]: cannot calculate the remainder of `{integer}` divided by `verus_builtin::nat`
  --> /Users/sergiu.bursuc/baif/vericoding/benchmarks/verus/bignum/vericoder_glm_15-09_18h46/bignum_ModExp_Zeroes_impl.rs:73:11
   |
73 |         1 % modulus
   |           ^ no implementation for `{integer} % verus_builtin::nat`
   |
   = help: the trait `std::ops::Rem<verus_builtin::nat>` is not implemented for `{integer}`
   = help: the following other types implement trait `std::ops::Rem<Rhs>`:
             `&f128` implements `std::ops::Rem<f128>`
             `&f128` implements `std::ops::Rem`
             `&f16` implements `std::ops::Rem<f16>`
             `&f16` implements `std::ops::Rem`
             `&f32` implements `std::ops::Rem<f32>`
             `&f32` implements `std::ops::Rem`
             `&f64` implements `std::ops::Rem<f64>`
             `&f64` implements `std::ops::Rem`
           and 62 others

error[E0277]: cannot calculate the remainder of `{integer}` divided by `verus_builtin::nat`
  --> /Users/sergiu.bursuc/baif/vericoding/benchmarks/verus/bignum/vericoder_glm_15-09_18h46/bignum_ModExp_Zeroes_impl.rs:82:40
   |
82 |             result = (result * result) % modulus;
   |                                        ^ no implementation for `{integer} % verus_builtin::nat`
   |
   = help: the trait `std::ops::Rem<verus_builtin::nat>` is not implemented for `{integer}`
   = help: the following other types implement trait `std::ops::Rem<Rhs>`:
             `&f128` implements `std::ops::Rem<f128>`
             `&f128` implements `std::ops::Rem`
             `&f16` implements `std::ops::Rem<f16>`
             `&f16` implements `std::ops::Rem`
             `&f32` implements `std::ops::Rem<f32>`
             `&f32` implements `std::ops::Rem`
             `&f64` implements `std::ops::Rem<f64>`
             `&f64` implements `std::ops::Rem`
           and 62 others

error[E0277]: cannot multiply `{integer}` by `verus_builtin::nat`
  --> /Users/sergiu.bursuc/baif/vericoding/benchmarks/verus/bignum/vericoder_glm_15-09_18h46/bignum_ModExp_Zeroes_impl.rs:84:34
   |
84 |                 result = (result * base) % modulus;
   |                                  ^ no implementation for `{integer} * verus_builtin::nat`
   |
   = help: the trait `std::ops::Mul<verus_builtin::nat>` is not implemented for `{integer}`
   = help: the following other types implement trait `std::ops::Mul<Rhs>`:
             `&f128` implements `std::ops::Mul<f128>`
             `&f128` implements `std::ops::Mul`
             `&f16` implements `std::ops::Mul<f16>`
             `&f16` implements `std::ops::Mul`
             `&f32` implements `std::ops::Mul<f32>`
             `&f32` implements `std::ops::Mul`
             `&f64` implements `std::ops::Mul<f64>`
             `&f64` implements `std::ops::Mul`
           and 57 others

error[E0308]: mismatched types
  --> /Users/sergiu.bursuc/baif/vericoding/benchmarks/verus/bignum/vericoder_glm_15-09_18h46/bignum_ModExp_Zeroes_impl.rs:87:9
   |
68 | exec fn mod_exp(base: nat, exponent: &[char], modulus: nat) -> (res: nat)
   |                                                                      --- expected `verus_builtin::nat` because of return type
...
87 |         result
   |         ^^^^^^ expected `nat`, found integer

error: aborting due to 14 previous errors

Some errors have detailed explanations: E0277, E0282, E0308, E0599.
For more information about an error, try `rustc --explain E0277`.
