=== Verification Error - Iteration 6 ===
File: /Users/sergiu.bursuc/baif/vericoding/benchmarks/verus/bignum/files/bignum_Compare.rs
Time: 2025-09-15 22:06:26

Full Error Output:
--------------------------------------------------------------------------------
Compilation failed: error[E0308]: mismatched types
  --> /Users/sergiu.bursuc/baif/vericoding/benchmarks/verus/bignum/vericoder_gpt-mini_15-09_18h47/bignum_Compare_impl.rs:29:35
   |
29 |   if n == 0 { 1 } else { 2 * pow2(n - 1) }
   |                              ---- ^^^^^ expected `nat`, found `int`
   |                              |
   |                              arguments to this function are incorrect
   |
note: function defined here
  --> /Users/sergiu.bursuc/baif/vericoding/benchmarks/verus/bignum/vericoder_gpt-mini_15-09_18h47/bignum_Compare_impl.rs:26:9
   |
26 | spec fn pow2(n: nat) -> nat
   |         ^^^^ ------

error[E0308]: mismatched types
  --> /Users/sergiu.bursuc/baif/vericoding/benchmarks/verus/bignum/vericoder_gpt-mini_15-09_18h47/bignum_Compare_impl.rs:45:34
   |
45 |       assert(pow2(b) == 2 * pow2(b - 1));
   |                             ---- ^^^^^ expected `nat`, found `int`
   |                             |
   |                             arguments to this function are incorrect
   |
note: function defined here
  --> /Users/sergiu.bursuc/baif/vericoding/benchmarks/verus/bignum/vericoder_gpt-mini_15-09_18h47/bignum_Compare_impl.rs:26:9
   |
26 | spec fn pow2(n: nat) -> nat
   |         ^^^^ ------

error[E0308]: mismatched types
  --> /Users/sergiu.bursuc/baif/vericoding/benchmarks/verus/bignum/vericoder_gpt-mini_15-09_18h47/bignum_Compare_impl.rs:46:24
   |
46 |       pow2_monotone(a, b - 1);
   |       -------------    ^^^^^ expected `nat`, found `int`
   |       |
   |       arguments to this function are incorrect
   |
note: function defined here
  --> /Users/sergiu.bursuc/baif/vericoding/benchmarks/verus/bignum/vericoder_gpt-mini_15-09_18h47/bignum_Compare_impl.rs:33:10
   |
33 | proof fn pow2_monotone(a: nat, b: nat)
   |          ^^^^^^^^^^^^^         ------

error[E0308]: mismatched types
  --> /Users/sergiu.bursuc/baif/vericoding/benchmarks/verus/bignum/vericoder_gpt-mini_15-09_18h47/bignum_Compare_impl.rs:47:30
   |
47 |       assert(pow2(a) <= pow2(b - 1));
   |                         ---- ^^^^^ expected `nat`, found `int`
   |                         |
   |                         arguments to this function are incorrect
   |
note: function defined here
  --> /Users/sergiu.bursuc/baif/vericoding/benchmarks/verus/bignum/vericoder_gpt-mini_15-09_18h47/bignum_Compare_impl.rs:26:9
   |
26 | spec fn pow2(n: nat) -> nat
   |         ^^^^ ------

error[E0308]: mismatched types
  --> /Users/sergiu.bursuc/baif/vericoding/benchmarks/verus/bignum/vericoder_gpt-mini_15-09_18h47/bignum_Compare_impl.rs:48:19
   |
48 |       assert(pow2(b - 1) <= pow2(b));
   |              ---- ^^^^^ expected `nat`, found `int`
   |              |
   |              arguments to this function are incorrect
   |
note: function defined here
  --> /Users/sergiu.bursuc/baif/vericoding/benchmarks/verus/bignum/vericoder_gpt-mini_15-09_18h47/bignum_Compare_impl.rs:26:9
   |
26 | spec fn pow2(n: nat) -> nat
   |         ^^^^ ------

error[E0308]: mismatched types
  --> /Users/sergiu.bursuc/baif/vericoding/benchmarks/verus/bignum/vericoder_gpt-mini_15-09_18h47/bignum_Compare_impl.rs:78:30
   |
78 |   ensures Str2Int(s) >= pow2((s.len() as nat) - 1),
   |                         ---- ^^^^^^^^^^^^^^^^^^^^ expected `nat`, found `int`
   |                         |
   |                         arguments to this function are incorrect
   |
note: function defined here
  --> /Users/sergiu.bursuc/baif/vericoding/benchmarks/verus/bignum/vericoder_gpt-mini_15-09_18h47/bignum_Compare_impl.rs:26:9
   |
26 | spec fn pow2(n: nat) -> nat
   |         ^^^^ ------

error[E0308]: mismatched types
  --> /Users/sergiu.bursuc/baif/vericoding/benchmarks/verus/bignum/vericoder_gpt-mini_15-09_18h47/bignum_Compare_impl.rs:92:36
   |
92 |     assert(Str2Int(prefix) >= pow2((prefix.len() as nat) - 1));
   |                               ---- ^^^^^^^^^^^^^^^^^^^^^^^^^ expected `nat`, found `int`
   |                               |
   |                               arguments to this function are incorrect
   |
note: function defined here
  --> /Users/sergiu.bursuc/baif/vericoding/benchmarks/verus/bignum/vericoder_gpt-mini_15-09_18h47/bignum_Compare_impl.rs:26:9
   |
26 | spec fn pow2(n: nat) -> nat
   |         ^^^^ ------

error[E0308]: mismatched types
  --> /Users/sergiu.bursuc/baif/vericoding/benchmarks/verus/bignum/vericoder_gpt-mini_15-09_18h47/bignum_Compare_impl.rs:93:44
   |
93 |     assert(2 * Str2Int(prefix) >= 2 * pow2((prefix.len() as nat) - 1));
   |                                       ---- ^^^^^^^^^^^^^^^^^^^^^^^^^ expected `nat`, found `int`
   |                                       |
   |                                       arguments to this function are incorrect
   |
note: function defined here
  --> /Users/sergiu.bursuc/baif/vericoding/benchmarks/verus/bignum/vericoder_gpt-mini_15-09_18h47/bignum_Compare_impl.rs:26:9
   |
26 | spec fn pow2(n: nat) -> nat
   |         ^^^^ ------

error[E0308]: mismatched types
  --> /Users/sergiu.bursuc/baif/vericoding/benchmarks/verus/bignum/vericoder_gpt-mini_15-09_18h47/bignum_Compare_impl.rs:94:21
   |
94 |     assert(2 * pow2((prefix.len() as nat) - 1) == pow2((s.len() as nat) - 1));
   |                ---- ^^^^^^^^^^^^^^^^^^^^^^^^^ expected `nat`, found `int`
   |                |
   |                arguments to this function are incorrect
   |
note: function defined here
  --> /Users/sergiu.bursuc/baif/vericoding/benchmarks/verus/bignum/vericoder_gpt-mini_15-09_18h47/bignum_Compare_impl.rs:26:9
   |
26 | spec fn pow2(n: nat) -> nat
   |         ^^^^ ------

error[E0308]: mismatched types
  --> /Users/sergiu.bursuc/baif/vericoding/benchmarks/verus/bignum/vericoder_gpt-mini_15-09_18h47/bignum_Compare_impl.rs:94:56
   |
94 |     assert(2 * pow2((prefix.len() as nat) - 1) == pow2((s.len() as nat) - 1));
   |                                                   ---- ^^^^^^^^^^^^^^^^^^^^ expected `nat`, found `int`
   |                                                   |
   |                                                   arguments to this function are incorrect
   |
note: function defined here
  --> /Users/sergiu.bursuc/baif/vericoding/benchmarks/verus/bignum/vericoder_gpt-mini_15-09_18h47/bignum_Compare_impl.rs:26:9
   |
26 | spec fn pow2(n: nat) -> nat
   |         ^^^^ ------

error[E0308]: mismatched types
  --> /Users/sergiu.bursuc/baif/vericoding/benchmarks/verus/bignum/vericoder_gpt-mini_15-09_18h47/bignum_Compare_impl.rs:95:82
   |
95 |     assert(2 * Str2Int(prefix) + (if last == '1' { 1nat } else { 0nat }) >= pow2((s.len() as nat) - 1));
   |                                                                             ---- ^^^^^^^^^^^^^^^^^^^^ expected `nat`, found `int`
   |                                                                             |
   |                                                                             arguments to this function are incorrect
   |
note: function defined here
  --> /Users/sergiu.bursuc/baif/vericoding/benchmarks/verus/bignum/vericoder_gpt-mini_15-09_18h47/bignum_Compare_impl.rs:26:9
   |
26 | spec fn pow2(n: nat) -> nat
   |         ^^^^ ------

error[E0308]: mismatched types
   --> /Users/sergiu.bursuc/baif/vericoding/benchmarks/verus/bignum/vericoder_gpt-mini_15-09_18h47/bignum_Compare_impl.rs:112:27
    |
112 |     let t = s.subrange(1, s.len());
    |               --------    ^^^^^^^ expected `int`, found `nat`
    |               |
    |               arguments to this method are incorrect
    |
note: method defined here
   --> /Users/runner/work/verus/verus/source/vstd/seq.rs:114:26

error[E0308]: mismatched types
   --> /Users/sergiu.bursuc/baif/vericoding/benchmarks/verus/bignum/vericoder_gpt-mini_15-09_18h47/bignum_Compare_impl.rs:136:27
    |
136 |     let t = s.subrange(1, s.len());
    |               --------    ^^^^^^^ expected `int`, found `nat`
    |               |
    |               arguments to this method are incorrect
    |
note: method defined here
   --> /Users/runner/work/verus/verus/source/vstd/seq.rs:114:26

error[E0308]: mismatched types
   --> /Users/sergiu.bursuc/baif/vericoding/benchmarks/verus/bignum/vericoder_gpt-mini_15-09_18h47/bignum_Compare_impl.rs:159:28
    |
159 |     let s1 = s.subrange(1, s.len());
    |                --------    ^^^^^^^ expected `int`, found `nat`
    |                |
    |                arguments to this method are incorrect
    |
note: method defined here
   --> /Users/runner/work/verus/verus/source/vstd/seq.rs:114:26

error[E0308]: mismatched types
   --> /Users/sergiu.bursuc/baif/vericoding/benchmarks/verus/bignum/vericoder_gpt-mini_15-09_18h47/bignum_Compare_impl.rs:160:28
    |
160 |     let t1 = t.subrange(1, t.len());
    |                --------    ^^^^^^^ expected `int`, found `nat`
    |                |
    |                arguments to this method are incorrect
    |
note: method defined here
   --> /Users/runner/work/verus/verus/source/vstd/seq.rs:114:26

error[E0308]: mismatched types
   --> /Users/sergiu.bursuc/baif/vericoding/benchmarks/verus/bignum/vericoder_gpt-mini_15-09_18h47/bignum_Compare_impl.rs:224:43
    |
224 |             let rem1 = ss1.subrange(p1_i, ss1.len());
    |                            --------       ^^^^^^^^^ expected `int`, found `nat`
    |                            |
    |                            arguments to this method are incorrect
    |
note: method defined here
   --> /Users/runner/work/verus/verus/source/vstd/seq.rs:114:26

error[E0308]: mismatched types
   --> /Users/sergiu.bursuc/baif/vericoding/benchmarks/verus/bignum/vericoder_gpt-mini_15-09_18h47/bignum_Compare_impl.rs:225:43
    |
225 |             let rem2 = ss2.subrange(p2_i, ss2.len());
    |                            --------       ^^^^^^^^^ expected `int`, found `nat`
    |                            |
    |                            arguments to this method are incorrect
    |
note: method defined here
   --> /Users/runner/work/verus/verus/source/vstd/seq.rs:114:26

error[E0308]: mismatched types
   --> /Users/sergiu.bursuc/baif/vericoding/benchmarks/verus/bignum/vericoder_gpt-mini_15-09_18h47/bignum_Compare_impl.rs:246:43
    |
246 |             let rem1 = ss1.subrange(p1_i, ss1.len());
    |                            --------       ^^^^^^^^^ expected `int`, found `nat`
    |                            |
    |                            arguments to this method are incorrect
    |
note: method defined here
   --> /Users/runner/work/verus/verus/source/vstd/seq.rs:114:26

error[E0308]: mismatched types
   --> /Users/sergiu.bursuc/baif/vericoding/benchmarks/verus/bignum/vericoder_gpt-mini_15-09_18h47/bignum_Compare_impl.rs:247:43
    |
247 |             let rem2 = ss2.subrange(p2_i, ss2.len());
    |                            --------       ^^^^^^^^^ expected `int`, found `nat`
    |                            |
    |                            arguments to this method are incorrect
    |
note: method defined here
   --> /Users/runner/work/verus/verus/source/vstd/seq.rs:114:26

error[E0308]: mismatched types
   --> /Users/sergiu.bursuc/baif/vericoding/benchmarks/verus/bignum/vericoder_gpt-mini_15-09_18h47/bignum_Compare_impl.rs:282:52
    |
282 |                     let pref1 = ss1.subrange(p1_i, ss1.len());
    |                                     --------       ^^^^^^^^^ expected `int`, found `nat`
    |                                     |
    |                                     arguments to this method are incorrect
    |
note: method defined here
   --> /Users/runner/work/verus/verus/source/vstd/seq.rs:114:26

error[E0308]: mismatched types
   --> /Users/sergiu.bursuc/baif/vericoding/benchmarks/verus/bignum/vericoder_gpt-mini_15-09_18h47/bignum_Compare_impl.rs:283:52
    |
283 |                     let pref2 = ss2.subrange(p2_i, ss2.len());
    |                                     --------       ^^^^^^^^^ expected `int`, found `nat`
    |                                     |
    |                                     arguments to this method are incorrect
    |
note: method defined here
   --> /Users/runner/work/verus/verus/source/vstd/seq.rs:114:26

error[E0308]: mismatched types
   --> /Users/sergiu.bursuc/baif/vericoding/benchmarks/verus/bignum/vericoder_gpt-mini_15-09_18h47/bignum_Compare_impl.rs:298:52
    |
298 |                     let pref1 = ss1.subrange(p1_i, ss1.len());
    |                                     --------       ^^^^^^^^^ expected `int`, found `nat`
    |                                     |
    |                                     arguments to this method are incorrect
    |
note: method defined here
   --> /Users/runner/work/verus/verus/source/vstd/seq.rs:114:26

error[E0308]: mismatched types
   --> /Users/sergiu.bursuc/baif/vericoding/benchmarks/verus/bignum/vericoder_gpt-mini_15-09_18h47/bignum_Compare_impl.rs:299:52
    |
299 |                     let pref2 = ss2.subrange(p2_i, ss2.len());
    |                                     --------       ^^^^^^^^^ expected `int`, found `nat`
    |                                     |
    |                                     arguments to this method are incorrect
    |
note: method defined here
   --> /Users/runner/work/verus/verus/source/vstd/seq.rs:114:26

error: aborting due to 23 previous errors

For more information about this error, try `rustc --explain E0308`.

--------------------------------------------------------------------------------

Additional Output:
error[E0308]: mismatched types
  --> /Users/sergiu.bursuc/baif/vericoding/benchmarks/verus/bignum/vericoder_gpt-mini_15-09_18h47/bignum_Compare_impl.rs:29:35
   |
29 |   if n == 0 { 1 } else { 2 * pow2(n - 1) }
   |                              ---- ^^^^^ expected `nat`, found `int`
   |                              |
   |                              arguments to this function are incorrect
   |
note: function defined here
  --> /Users/sergiu.bursuc/baif/vericoding/benchmarks/verus/bignum/vericoder_gpt-mini_15-09_18h47/bignum_Compare_impl.rs:26:9
   |
26 | spec fn pow2(n: nat) -> nat
   |         ^^^^ ------

error[E0308]: mismatched types
  --> /Users/sergiu.bursuc/baif/vericoding/benchmarks/verus/bignum/vericoder_gpt-mini_15-09_18h47/bignum_Compare_impl.rs:45:34
   |
45 |       assert(pow2(b) == 2 * pow2(b - 1));
   |                             ---- ^^^^^ expected `nat`, found `int`
   |                             |
   |                             arguments to this function are incorrect
   |
note: function defined here
  --> /Users/sergiu.bursuc/baif/vericoding/benchmarks/verus/bignum/vericoder_gpt-mini_15-09_18h47/bignum_Compare_impl.rs:26:9
   |
26 | spec fn pow2(n: nat) -> nat
   |         ^^^^ ------

error[E0308]: mismatched types
  --> /Users/sergiu.bursuc/baif/vericoding/benchmarks/verus/bignum/vericoder_gpt-mini_15-09_18h47/bignum_Compare_impl.rs:46:24
   |
46 |       pow2_monotone(a, b - 1);
   |       -------------    ^^^^^ expected `nat`, found `int`
   |       |
   |       arguments to this function are incorrect
   |
note: function defined here
  --> /Users/sergiu.bursuc/baif/vericoding/benchmarks/verus/bignum/vericoder_gpt-mini_15-09_18h47/bignum_Compare_impl.rs:33:10
   |
33 | proof fn pow2_monotone(a: nat, b: nat)
   |          ^^^^^^^^^^^^^         ------

error[E0308]: mismatched types
  --> /Users/sergiu.bursuc/baif/vericoding/benchmarks/verus/bignum/vericoder_gpt-mini_15-09_18h47/bignum_Compare_impl.rs:47:30
   |
47 |       assert(pow2(a) <= pow2(b - 1));
   |                         ---- ^^^^^ expected `nat`, found `int`
   |                         |
   |                         arguments to this function are incorrect
   |
note: function defined here
  --> /Users/sergiu.bursuc/baif/vericoding/benchmarks/verus/bignum/vericoder_gpt-mini_15-09_18h47/bignum_Compare_impl.rs:26:9
   |
26 | spec fn pow2(n: nat) -> nat
   |         ^^^^ ------

error[E0308]: mismatched types
  --> /Users/sergiu.bursuc/baif/vericoding/benchmarks/verus/bignum/vericoder_gpt-mini_15-09_18h47/bignum_Compare_impl.rs:48:19
   |
48 |       assert(pow2(b - 1) <= pow2(b));
   |              ---- ^^^^^ expected `nat`, found `int`
   |              |
   |              arguments to this function are incorrect
   |
note: function defined here
  --> /Users/sergiu.bursuc/baif/vericoding/benchmarks/verus/bignum/vericoder_gpt-mini_15-09_18h47/bignum_Compare_impl.rs:26:9
   |
26 | spec fn pow2(n: nat) -> nat
   |         ^^^^ ------

error[E0308]: mismatched types
  --> /Users/sergiu.bursuc/baif/vericoding/benchmarks/verus/bignum/vericoder_gpt-mini_15-09_18h47/bignum_Compare_impl.rs:78:30
   |
78 |   ensures Str2Int(s) >= pow2((s.len() as nat) - 1),
   |                         ---- ^^^^^^^^^^^^^^^^^^^^ expected `nat`, found `int`
   |                         |
   |                         arguments to this function are incorrect
   |
note: function defined here
  --> /Users/sergiu.bursuc/baif/vericoding/benchmarks/verus/bignum/vericoder_gpt-mini_15-09_18h47/bignum_Compare_impl.rs:26:9
   |
26 | spec fn pow2(n: nat) -> nat
   |         ^^^^ ------

error[E0308]: mismatched types
  --> /Users/sergiu.bursuc/baif/vericoding/benchmarks/verus/bignum/vericoder_gpt-mini_15-09_18h47/bignum_Compare_impl.rs:92:36
   |
92 |     assert(Str2Int(prefix) >= pow2((prefix.len() as nat) - 1));
   |                               ---- ^^^^^^^^^^^^^^^^^^^^^^^^^ expected `nat`, found `int`
   |                               |
   |                               arguments to this function are incorrect
   |
note: function defined here
  --> /Users/sergiu.bursuc/baif/vericoding/benchmarks/verus/bignum/vericoder_gpt-mini_15-09_18h47/bignum_Compare_impl.rs:26:9
   |
26 | spec fn pow2(n: nat) -> nat
   |         ^^^^ ------

error[E0308]: mismatched types
  --> /Users/sergiu.bursuc/baif/vericoding/benchmarks/verus/bignum/vericoder_gpt-mini_15-09_18h47/bignum_Compare_impl.rs:93:44
   |
93 |     assert(2 * Str2Int(prefix) >= 2 * pow2((prefix.len() as nat) - 1));
   |                                       ---- ^^^^^^^^^^^^^^^^^^^^^^^^^ expected `nat`, found `int`
   |                                       |
   |                                       arguments to this function are incorrect
   |
note: function defined here
  --> /Users/sergiu.bursuc/baif/vericoding/benchmarks/verus/bignum/vericoder_gpt-mini_15-09_18h47/bignum_Compare_impl.rs:26:9
   |
26 | spec fn pow2(n: nat) -> nat
   |         ^^^^ ------

error[E0308]: mismatched types
  --> /Users/sergiu.bursuc/baif/vericoding/benchmarks/verus/bignum/vericoder_gpt-mini_15-09_18h47/bignum_Compare_impl.rs:94:21
   |
94 |     assert(2 * pow2((prefix.len() as nat) - 1) == pow2((s.len() as nat) - 1));
   |                ---- ^^^^^^^^^^^^^^^^^^^^^^^^^ expected `nat`, found `int`
   |                |
   |                arguments to this function are incorrect
   |
note: function defined here
  --> /Users/sergiu.bursuc/baif/vericoding/benchmarks/verus/bignum/vericoder_gpt-mini_15-09_18h47/bignum_Compare_impl.rs:26:9
   |
26 | spec fn pow2(n: nat) -> nat
   |         ^^^^ ------

error[E0308]: mismatched types
  --> /Users/sergiu.bursuc/baif/vericoding/benchmarks/verus/bignum/vericoder_gpt-mini_15-09_18h47/bignum_Compare_impl.rs:94:56
   |
94 |     assert(2 * pow2((prefix.len() as nat) - 1) == pow2((s.len() as nat) - 1));
   |                                                   ---- ^^^^^^^^^^^^^^^^^^^^ expected `nat`, found `int`
   |                                                   |
   |                                                   arguments to this function are incorrect
   |
note: function defined here
  --> /Users/sergiu.bursuc/baif/vericoding/benchmarks/verus/bignum/vericoder_gpt-mini_15-09_18h47/bignum_Compare_impl.rs:26:9
   |
26 | spec fn pow2(n: nat) -> nat
   |         ^^^^ ------

error[E0308]: mismatched types
  --> /Users/sergiu.bursuc/baif/vericoding/benchmarks/verus/bignum/vericoder_gpt-mini_15-09_18h47/bignum_Compare_impl.rs:95:82
   |
95 |     assert(2 * Str2Int(prefix) + (if last == '1' { 1nat } else { 0nat }) >= pow2((s.len() as nat) - 1));
   |                                                                             ---- ^^^^^^^^^^^^^^^^^^^^ expected `nat`, found `int`
   |                                                                             |
   |                                                                             arguments to this function are incorrect
   |
note: function defined here
  --> /Users/sergiu.bursuc/baif/vericoding/benchmarks/verus/bignum/vericoder_gpt-mini_15-09_18h47/bignum_Compare_impl.rs:26:9
   |
26 | spec fn pow2(n: nat) -> nat
   |         ^^^^ ------

error[E0308]: mismatched types
   --> /Users/sergiu.bursuc/baif/vericoding/benchmarks/verus/bignum/vericoder_gpt-mini_15-09_18h47/bignum_Compare_impl.rs:112:27
    |
112 |     let t = s.subrange(1, s.len());
    |               --------    ^^^^^^^ expected `int`, found `nat`
    |               |
    |               arguments to this method are incorrect
    |
note: method defined here
   --> /Users/runner/work/verus/verus/source/vstd/seq.rs:114:26

error[E0308]: mismatched types
   --> /Users/sergiu.bursuc/baif/vericoding/benchmarks/verus/bignum/vericoder_gpt-mini_15-09_18h47/bignum_Compare_impl.rs:136:27
    |
136 |     let t = s.subrange(1, s.len());
    |               --------    ^^^^^^^ expected `int`, found `nat`
    |               |
    |               arguments to this method are incorrect
    |
note: method defined here
   --> /Users/runner/work/verus/verus/source/vstd/seq.rs:114:26

error[E0308]: mismatched types
   --> /Users/sergiu.bursuc/baif/vericoding/benchmarks/verus/bignum/vericoder_gpt-mini_15-09_18h47/bignum_Compare_impl.rs:159:28
    |
159 |     let s1 = s.subrange(1, s.len());
    |                --------    ^^^^^^^ expected `int`, found `nat`
    |                |
    |                arguments to this method are incorrect
    |
note: method defined here
   --> /Users/runner/work/verus/verus/source/vstd/seq.rs:114:26

error[E0308]: mismatched types
   --> /Users/sergiu.bursuc/baif/vericoding/benchmarks/verus/bignum/vericoder_gpt-mini_15-09_18h47/bignum_Compare_impl.rs:160:28
    |
160 |     let t1 = t.subrange(1, t.len());
    |                --------    ^^^^^^^ expected `int`, found `nat`
    |                |
    |                arguments to this method are incorrect
    |
note: method defined here
   --> /Users/runner/work/verus/verus/source/vstd/seq.rs:114:26

error[E0308]: mismatched types
   --> /Users/sergiu.bursuc/baif/vericoding/benchmarks/verus/bignum/vericoder_gpt-mini_15-09_18h47/bignum_Compare_impl.rs:224:43
    |
224 |             let rem1 = ss1.subrange(p1_i, ss1.len());
    |                            --------       ^^^^^^^^^ expected `int`, found `nat`
    |                            |
    |                            arguments to this method are incorrect
    |
note: method defined here
   --> /Users/runner/work/verus/verus/source/vstd/seq.rs:114:26

error[E0308]: mismatched types
   --> /Users/sergiu.bursuc/baif/vericoding/benchmarks/verus/bignum/vericoder_gpt-mini_15-09_18h47/bignum_Compare_impl.rs:225:43
    |
225 |             let rem2 = ss2.subrange(p2_i, ss2.len());
    |                            --------       ^^^^^^^^^ expected `int`, found `nat`
    |                            |
    |                            arguments to this method are incorrect
    |
note: method defined here
   --> /Users/runner/work/verus/verus/source/vstd/seq.rs:114:26

error[E0308]: mismatched types
   --> /Users/sergiu.bursuc/baif/vericoding/benchmarks/verus/bignum/vericoder_gpt-mini_15-09_18h47/bignum_Compare_impl.rs:246:43
    |
246 |             let rem1 = ss1.subrange(p1_i, ss1.len());
    |                            --------       ^^^^^^^^^ expected `int`, found `nat`
    |                            |
    |                            arguments to this method are incorrect
    |
note: method defined here
   --> /Users/runner/work/verus/verus/source/vstd/seq.rs:114:26

error[E0308]: mismatched types
   --> /Users/sergiu.bursuc/baif/vericoding/benchmarks/verus/bignum/vericoder_gpt-mini_15-09_18h47/bignum_Compare_impl.rs:247:43
    |
247 |             let rem2 = ss2.subrange(p2_i, ss2.len());
    |                            --------       ^^^^^^^^^ expected `int`, found `nat`
    |                            |
    |                            arguments to this method are incorrect
    |
note: method defined here
   --> /Users/runner/work/verus/verus/source/vstd/seq.rs:114:26

error[E0308]: mismatched types
   --> /Users/sergiu.bursuc/baif/vericoding/benchmarks/verus/bignum/vericoder_gpt-mini_15-09_18h47/bignum_Compare_impl.rs:282:52
    |
282 |                     let pref1 = ss1.subrange(p1_i, ss1.len());
    |                                     --------       ^^^^^^^^^ expected `int`, found `nat`
    |                                     |
    |                                     arguments to this method are incorrect
    |
note: method defined here
   --> /Users/runner/work/verus/verus/source/vstd/seq.rs:114:26

error[E0308]: mismatched types
   --> /Users/sergiu.bursuc/baif/vericoding/benchmarks/verus/bignum/vericoder_gpt-mini_15-09_18h47/bignum_Compare_impl.rs:283:52
    |
283 |                     let pref2 = ss2.subrange(p2_i, ss2.len());
    |                                     --------       ^^^^^^^^^ expected `int`, found `nat`
    |                                     |
    |                                     arguments to this method are incorrect
    |
note: method defined here
   --> /Users/runner/work/verus/verus/source/vstd/seq.rs:114:26

error[E0308]: mismatched types
   --> /Users/sergiu.bursuc/baif/vericoding/benchmarks/verus/bignum/vericoder_gpt-mini_15-09_18h47/bignum_Compare_impl.rs:298:52
    |
298 |                     let pref1 = ss1.subrange(p1_i, ss1.len());
    |                                     --------       ^^^^^^^^^ expected `int`, found `nat`
    |                                     |
    |                                     arguments to this method are incorrect
    |
note: method defined here
   --> /Users/runner/work/verus/verus/source/vstd/seq.rs:114:26

error[E0308]: mismatched types
   --> /Users/sergiu.bursuc/baif/vericoding/benchmarks/verus/bignum/vericoder_gpt-mini_15-09_18h47/bignum_Compare_impl.rs:299:52
    |
299 |                     let pref2 = ss2.subrange(p2_i, ss2.len());
    |                                     --------       ^^^^^^^^^ expected `int`, found `nat`
    |                                     |
    |                                     arguments to this method are incorrect
    |
note: method defined here
   --> /Users/runner/work/verus/verus/source/vstd/seq.rs:114:26

error: aborting due to 23 previous errors

For more information about this error, try `rustc --explain E0308`.
