=== Verification Error - Iteration 2 ===
File: /Users/sergiu.bursuc/baif/vericoding/benchmarks/verus/bignum/files/bignum_DivMod_Compare_Sub.rs
Time: 2025-09-15 20:39:30

Full Error Output:
--------------------------------------------------------------------------------
Compilation failed: error[E0425]: cannot find value `result` in this scope
  --> /Users/sergiu.bursuc/baif/vericoding/benchmarks/verus/bignum/vericoder_gpt-mini_15-09_18h47/bignum_DivMod_Compare_Sub_impl.rs:42:17
   |
42 |         Str2Int(result) == orig,
   |                 ^^^^^^ not found in this scope

error[E0425]: cannot find value `result` in this scope
  --> /Users/sergiu.bursuc/baif/vericoding/benchmarks/verus/bignum/vericoder_gpt-mini_15-09_18h47/bignum_DivMod_Compare_Sub_impl.rs:43:24
   |
43 |         ValidBitString(result),
   |                        ^^^^^^ not found in this scope

error[E0425]: cannot find value `result` in this scope
  --> /Users/sergiu.bursuc/baif/vericoding/benchmarks/verus/bignum/vericoder_gpt-mini_15-09_18h47/bignum_DivMod_Compare_Sub_impl.rs:44:9
   |
44 |         result.len() == k as nat,
   |         ^^^^^^ not found in this scope

error: aborting due to 3 previous errors

For more information about this error, try `rustc --explain E0425`.

--------------------------------------------------------------------------------

Additional Output:
error[E0425]: cannot find value `result` in this scope
  --> /Users/sergiu.bursuc/baif/vericoding/benchmarks/verus/bignum/vericoder_gpt-mini_15-09_18h47/bignum_DivMod_Compare_Sub_impl.rs:42:17
   |
42 |         Str2Int(result) == orig,
   |                 ^^^^^^ not found in this scope

error[E0425]: cannot find value `result` in this scope
  --> /Users/sergiu.bursuc/baif/vericoding/benchmarks/verus/bignum/vericoder_gpt-mini_15-09_18h47/bignum_DivMod_Compare_Sub_impl.rs:43:24
   |
43 |         ValidBitString(result),
   |                        ^^^^^^ not found in this scope

error[E0425]: cannot find value `result` in this scope
  --> /Users/sergiu.bursuc/baif/vericoding/benchmarks/verus/bignum/vericoder_gpt-mini_15-09_18h47/bignum_DivMod_Compare_Sub_impl.rs:44:9
   |
44 |         result.len() == k as nat,
   |         ^^^^^^ not found in this scope

error: aborting due to 3 previous errors

For more information about this error, try `rustc --explain E0425`.
