=== Verification Error - Iteration 9 ===
File: /Users/sergiu.bursuc/baif/vericoding/benchmarks/verus/bignum/files/bignum_Compare_NormalizeBitString.rs
Time: 2025-09-15 20:33:20

Full Error Output:
--------------------------------------------------------------------------------
Compilation failed: error[E0308]: mismatched types
  --> /Users/sergiu.bursuc/baif/vericoding/benchmarks/verus/bignum/vericoder_gpt-mini_15-09_18h47/bignum_Compare_NormalizeBitString_impl.rs:30:11
   |
30 |         s[i as usize] == s.view().index(i),
   |         --^^^^^^^^^^-
   |         | |
   |         | expected `int`, found `usize`
   |         arguments to this method are incorrect
   |
note: method defined here
  --> /Users/runner/work/verus/verus/source/vstd/slice.rs:28:13

error[E0308]: mismatched types
  --> /Users/sergiu.bursuc/baif/vericoding/benchmarks/verus/bignum/vericoder_gpt-mini_15-09_18h47/bignum_Compare_NormalizeBitString_impl.rs:33:18
   |
33 |         assert(s[i as usize] == s.view().index(i));
   |                --^^^^^^^^^^-
   |                | |
   |                | expected `int`, found `usize`
   |                arguments to this method are incorrect
   |
note: method defined here
  --> /Users/runner/work/verus/verus/source/vstd/slice.rs:28:13

error: aborting due to 2 previous errors

For more information about this error, try `rustc --explain E0308`.

--------------------------------------------------------------------------------

Additional Output:
error[E0308]: mismatched types
  --> /Users/sergiu.bursuc/baif/vericoding/benchmarks/verus/bignum/vericoder_gpt-mini_15-09_18h47/bignum_Compare_NormalizeBitString_impl.rs:30:11
   |
30 |         s[i as usize] == s.view().index(i),
   |         --^^^^^^^^^^-
   |         | |
   |         | expected `int`, found `usize`
   |         arguments to this method are incorrect
   |
note: method defined here
  --> /Users/runner/work/verus/verus/source/vstd/slice.rs:28:13

error[E0308]: mismatched types
  --> /Users/sergiu.bursuc/baif/vericoding/benchmarks/verus/bignum/vericoder_gpt-mini_15-09_18h47/bignum_Compare_NormalizeBitString_impl.rs:33:18
   |
33 |         assert(s[i as usize] == s.view().index(i));
   |                --^^^^^^^^^^-
   |                | |
   |                | expected `int`, found `usize`
   |                arguments to this method are incorrect
   |
note: method defined here
  --> /Users/runner/work/verus/verus/source/vstd/slice.rs:28:13

error: aborting due to 2 previous errors

For more information about this error, try `rustc --explain E0308`.
