=== Verification Error - Iteration 2 ===
File: /Users/sergiu.bursuc/baif/vericoding/benchmarks/verus/bignum/files/bignum_ModExp_DivMod_Mul_Zeroes.rs
Time: 2025-09-15 18:50:17

Full Error Output:
--------------------------------------------------------------------------------
Compilation failed: error[E0308]: mismatched types
  --> /Users/sergiu.bursuc/baif/vericoding/benchmarks/verus/bignum/vericoder_gpt-mini_15-09_18h47/bignum_ModExp_DivMod_Mul_Zeroes_impl.rs:94:18
   |
94 |         out.push(tmp.get(idx));
   |             ---- ^^^^^^^^^^^^ expected `char`, found `Option<&char>`
   |             |
   |             arguments to this method are incorrect
   |
   = note: expected type `char`
              found enum `std::option::Option<&char>`
note: method defined here
  --> /rustc/6b00bc3880198600130e1cf62b8f8a93494488cc/library/alloc/src/vec/mod.rs:2442:12

error: aborting due to 1 previous error

For more information about this error, try `rustc --explain E0308`.

--------------------------------------------------------------------------------

Additional Output:
error[E0308]: mismatched types
  --> /Users/sergiu.bursuc/baif/vericoding/benchmarks/verus/bignum/vericoder_gpt-mini_15-09_18h47/bignum_ModExp_DivMod_Mul_Zeroes_impl.rs:94:18
   |
94 |         out.push(tmp.get(idx));
   |             ---- ^^^^^^^^^^^^ expected `char`, found `Option<&char>`
   |             |
   |             arguments to this method are incorrect
   |
   = note: expected type `char`
              found enum `std::option::Option<&char>`
note: method defined here
  --> /rustc/6b00bc3880198600130e1cf62b8f8a93494488cc/library/alloc/src/vec/mod.rs:2442:12

error: aborting due to 1 previous error

For more information about this error, try `rustc --explain E0308`.
