=== Verification Error - Iteration 1 ===
File: /Users/sergiu.bursuc/baif/vericoding/benchmarks/verus/bignum/files/bignum_DivMod_Sub.rs
Time: 2025-09-15 20:54:29

Full Error Output:
--------------------------------------------------------------------------------
Compilation failed: error[E0308]: mismatched types
  --> /Users/sergiu.bursuc/baif/vericoding/benchmarks/verus/bignum/vericoder_gpt-mini_15-09_18h47/bignum_DivMod_Sub_impl.rs:31:40
   |
31 |       trim_leading_zeros(s.subrange(1, s.len()))
   |                            --------    ^^^^^^^ expected `int`, found `nat`
   |                            |
   |                            arguments to this method are incorrect
   |
note: method defined here
  --> /Users/runner/work/verus/verus/source/vstd/seq.rs:114:26

error: aborting due to 1 previous error

For more information about this error, try `rustc --explain E0308`.

--------------------------------------------------------------------------------

Additional Output:
error[E0308]: mismatched types
  --> /Users/sergiu.bursuc/baif/vericoding/benchmarks/verus/bignum/vericoder_gpt-mini_15-09_18h47/bignum_DivMod_Sub_impl.rs:31:40
   |
31 |       trim_leading_zeros(s.subrange(1, s.len()))
   |                            --------    ^^^^^^^ expected `int`, found `nat`
   |                            |
   |                            arguments to this method are incorrect
   |
note: method defined here
  --> /Users/runner/work/verus/verus/source/vstd/seq.rs:114:26

error: aborting due to 1 previous error

For more information about this error, try `rustc --explain E0308`.
