=== Verification Error - Iteration 7 ===
File: /Users/sergiu.bursuc/baif/vericoding/benchmarks/verus/bignum/files/bignum_DivMod_Compare_Sub.rs
Time: 2025-09-15 20:44:59

Full Error Output:
--------------------------------------------------------------------------------
Compilation failed: error[E0308]: mismatched types
  --> /Users/sergiu.bursuc/baif/vericoding/benchmarks/verus/bignum/vericoder_gpt-mini_15-09_18h47/bignum_DivMod_Compare_Sub_impl.rs:31:14
   |
31 |     2 * pow2(k - 1nat)
   |         ---- ^^^^^^^^ expected `nat`, found `int`
   |         |
   |         arguments to this function are incorrect
   |
note: function defined here
  --> /Users/sergiu.bursuc/baif/vericoding/benchmarks/verus/bignum/vericoder_gpt-mini_15-09_18h47/bignum_DivMod_Compare_Sub_impl.rs:25:9
   |
25 | spec fn pow2(k: nat) -> nat
   |         ^^^^ ------

error[E0308]: mismatched types
  --> /Users/sergiu.bursuc/baif/vericoding/benchmarks/verus/bignum/vericoder_gpt-mini_15-09_18h47/bignum_DivMod_Compare_Sub_impl.rs:43:38
   |
43 |     let rest = rem_to_bits(orig / 2, k - 1nat);
   |                -----------           ^^^^^^^^ expected `nat`, found `int`
   |                |
   |                arguments to this function are incorrect
   |
note: function defined here
  --> /Users/sergiu.bursuc/baif/vericoding/benchmarks/verus/bignum/vericoder_gpt-mini_15-09_18h47/bignum_DivMod_Compare_Sub_impl.rs:36:9
   |
36 | spec fn rem_to_bits(orig: nat, k: nat) -> Seq<char>
   |         ^^^^^^^^^^^            ------

error: aborting due to 2 previous errors

For more information about this error, try `rustc --explain E0308`.

--------------------------------------------------------------------------------

Additional Output:
error[E0308]: mismatched types
  --> /Users/sergiu.bursuc/baif/vericoding/benchmarks/verus/bignum/vericoder_gpt-mini_15-09_18h47/bignum_DivMod_Compare_Sub_impl.rs:31:14
   |
31 |     2 * pow2(k - 1nat)
   |         ---- ^^^^^^^^ expected `nat`, found `int`
   |         |
   |         arguments to this function are incorrect
   |
note: function defined here
  --> /Users/sergiu.bursuc/baif/vericoding/benchmarks/verus/bignum/vericoder_gpt-mini_15-09_18h47/bignum_DivMod_Compare_Sub_impl.rs:25:9
   |
25 | spec fn pow2(k: nat) -> nat
   |         ^^^^ ------

error[E0308]: mismatched types
  --> /Users/sergiu.bursuc/baif/vericoding/benchmarks/verus/bignum/vericoder_gpt-mini_15-09_18h47/bignum_DivMod_Compare_Sub_impl.rs:43:38
   |
43 |     let rest = rem_to_bits(orig / 2, k - 1nat);
   |                -----------           ^^^^^^^^ expected `nat`, found `int`
   |                |
   |                arguments to this function are incorrect
   |
note: function defined here
  --> /Users/sergiu.bursuc/baif/vericoding/benchmarks/verus/bignum/vericoder_gpt-mini_15-09_18h47/bignum_DivMod_Compare_Sub_impl.rs:36:9
   |
36 | spec fn rem_to_bits(orig: nat, k: nat) -> Seq<char>
   |         ^^^^^^^^^^^            ------

error: aborting due to 2 previous errors

For more information about this error, try `rustc --explain E0308`.
