=== Verification Error - Iteration 10 ===
File: /Users/sergiu.bursuc/baif/vericoding/benchmarks/verus/bignum/files/bignum_ModExp_Add_Zeroes.rs
Time: 2025-09-15 19:00:31

Full Error Output:
--------------------------------------------------------------------------------
Compilation failed: error[E0599]: no method named `index` found for reference `&[char]` in the current scope
  --> /Users/sergiu.bursuc/baif/vericoding/benchmarks/verus/bignum/vericoder_gpt-mini_15-09_18h47/bignum_ModExp_Add_Zeroes_impl.rs:39:59
   |
39 |             forall |k: int| 0 <= k && k < i as int ==> (s.index(k) == '0' || s.index(k) == '1'),
   |                                                           ^^^^^
   |
   = help: items from traits can only be used if the trait is in scope
help: trait `Index` which provides `index` is implemented but not in scope; perhaps you want to import it
   |
1  + use std::ops::Index;
   |
help: there is a method `index_mut` with a similar name
   |
39 |             forall |k: int| 0 <= k && k < i as int ==> (s.index_mut(k) == '0' || s.index(k) == '1'),
   |                                                                ++++

error[E0599]: no method named `index` found for reference `&[char]` in the current scope
  --> /Users/sergiu.bursuc/baif/vericoding/benchmarks/verus/bignum/vericoder_gpt-mini_15-09_18h47/bignum_ModExp_Add_Zeroes_impl.rs:39:80
   |
39 |             forall |k: int| 0 <= k && k < i as int ==> (s.index(k) == '0' || s.index(k) == '1'),
   |                                                                                ^^^^^
   |
   = help: items from traits can only be used if the trait is in scope
help: trait `Index` which provides `index` is implemented but not in scope; perhaps you want to import it
   |
1  + use std::ops::Index;
   |
help: there is a method `index_mut` with a similar name
   |
39 |             forall |k: int| 0 <= k && k < i as int ==> (s.index(k) == '0' || s.index_mut(k) == '1'),
   |                                                                                     ++++

error: aborting due to 2 previous errors

For more information about this error, try `rustc --explain E0599`.

--------------------------------------------------------------------------------

Additional Output:
error[E0599]: no method named `index` found for reference `&[char]` in the current scope
  --> /Users/sergiu.bursuc/baif/vericoding/benchmarks/verus/bignum/vericoder_gpt-mini_15-09_18h47/bignum_ModExp_Add_Zeroes_impl.rs:39:59
   |
39 |             forall |k: int| 0 <= k && k < i as int ==> (s.index(k) == '0' || s.index(k) == '1'),
   |                                                           ^^^^^
   |
   = help: items from traits can only be used if the trait is in scope
help: trait `Index` which provides `index` is implemented but not in scope; perhaps you want to import it
   |
1  + use std::ops::Index;
   |
help: there is a method `index_mut` with a similar name
   |
39 |             forall |k: int| 0 <= k && k < i as int ==> (s.index_mut(k) == '0' || s.index(k) == '1'),
   |                                                                ++++

error[E0599]: no method named `index` found for reference `&[char]` in the current scope
  --> /Users/sergiu.bursuc/baif/vericoding/benchmarks/verus/bignum/vericoder_gpt-mini_15-09_18h47/bignum_ModExp_Add_Zeroes_impl.rs:39:80
   |
39 |             forall |k: int| 0 <= k && k < i as int ==> (s.index(k) == '0' || s.index(k) == '1'),
   |                                                                                ^^^^^
   |
   = help: items from traits can only be used if the trait is in scope
help: trait `Index` which provides `index` is implemented but not in scope; perhaps you want to import it
   |
1  + use std::ops::Index;
   |
help: there is a method `index_mut` with a similar name
   |
39 |             forall |k: int| 0 <= k && k < i as int ==> (s.index(k) == '0' || s.index_mut(k) == '1'),
   |                                                                                     ++++

error: aborting due to 2 previous errors

For more information about this error, try `rustc --explain E0599`.
