=== Verification Error - Iteration 6 ===
File: /Users/sergiu.bursuc/baif/vericoding/benchmarks/verus/bignum/files/bignum_Mul_Add.rs
Time: 2025-09-15 21:03:02

Full Error Output:
--------------------------------------------------------------------------------
Compilation failed: error[E0308]: mismatched types
  --> /Users/sergiu.bursuc/baif/vericoding/benchmarks/verus/bignum/vericoder_gpt-mini_15-09_18h47/bignum_Mul_Add_impl.rs:31:18
   |
31 |         2 * pow2(k - 1)
   |             ---- ^^^^^ expected `nat`, found `int`
   |             |
   |             arguments to this function are incorrect
   |
note: function defined here
  --> /Users/sergiu.bursuc/baif/vericoding/benchmarks/verus/bignum/vericoder_gpt-mini_15-09_18h47/bignum_Mul_Add_impl.rs:25:9
   |
25 | spec fn pow2(k: nat) -> nat
   |         ^^^^ ------

error: aborting due to 1 previous error

For more information about this error, try `rustc --explain E0308`.

--------------------------------------------------------------------------------

Additional Output:
error[E0308]: mismatched types
  --> /Users/sergiu.bursuc/baif/vericoding/benchmarks/verus/bignum/vericoder_gpt-mini_15-09_18h47/bignum_Mul_Add_impl.rs:31:18
   |
31 |         2 * pow2(k - 1)
   |             ---- ^^^^^ expected `nat`, found `int`
   |             |
   |             arguments to this function are incorrect
   |
note: function defined here
  --> /Users/sergiu.bursuc/baif/vericoding/benchmarks/verus/bignum/vericoder_gpt-mini_15-09_18h47/bignum_Mul_Add_impl.rs:25:9
   |
25 | spec fn pow2(k: nat) -> nat
   |         ^^^^ ------

error: aborting due to 1 previous error

For more information about this error, try `rustc --explain E0308`.
