=== Verification Error - Iteration 7 ===
File: /Users/sergiu.bursuc/baif/vericoding/benchmarks/verus/bignum/files/bignum_ModExp_ModExpPow2_Zeroes.rs
Time: 2025-09-15 19:00:32

Full Error Output:
--------------------------------------------------------------------------------
Compilation failed: error[E0425]: cannot find value `res` in this scope
  --> /Users/sergiu.bursuc/baif/vericoding/benchmarks/verus/bignum/vericoder_gpt-mini_15-09_18h47/bignum_ModExp_ModExpPow2_Zeroes_impl.rs:32:9
   |
32 |         res = Vec::<char>::new();
   |         ^^^
   |
help: you might have meant to introduce a new binding
   |
32 |         let res = Vec::<char>::new();
   |         +++

error[E0425]: cannot find value `res` in this scope
  --> /Users/sergiu.bursuc/baif/vericoding/benchmarks/verus/bignum/vericoder_gpt-mini_15-09_18h47/bignum_ModExp_ModExpPow2_Zeroes_impl.rs:33:9
   |
33 |         res
   |         ^^^ not found in this scope

error[E0425]: cannot find value `res` in this scope
  --> /Users/sergiu.bursuc/baif/vericoding/benchmarks/verus/bignum/vericoder_gpt-mini_15-09_18h47/bignum_ModExp_ModExpPow2_Zeroes_impl.rs:43:9
   |
43 |         res = v;
   |         ^^^
   |
help: you might have meant to introduce a new binding
   |
43 |         let res = v;
   |         +++

error[E0425]: cannot find value `res` in this scope
  --> /Users/sergiu.bursuc/baif/vericoding/benchmarks/verus/bignum/vericoder_gpt-mini_15-09_18h47/bignum_ModExp_ModExpPow2_Zeroes_impl.rs:44:9
   |
44 |         res
   |         ^^^ not found in this scope

error[E0425]: cannot find value `res` in this scope
   --> /Users/sergiu.bursuc/baif/vericoding/benchmarks/verus/bignum/vericoder_gpt-mini_15-09_18h47/bignum_ModExp_ModExpPow2_Zeroes_impl.rs:113:3
    |
113 |   res = tmp;
    |   ^^^
    |
help: you might have meant to introduce a new binding
    |
113 |   let res = tmp;
    |   +++

error[E0425]: cannot find value `res` in this scope
   --> /Users/sergiu.bursuc/baif/vericoding/benchmarks/verus/bignum/vericoder_gpt-mini_15-09_18h47/bignum_ModExp_ModExpPow2_Zeroes_impl.rs:114:3
    |
114 |   res
    |   ^^^ not found in this scope

error: aborting due to 6 previous errors

For more information about this error, try `rustc --explain E0425`.

--------------------------------------------------------------------------------

Additional Output:
error[E0425]: cannot find value `res` in this scope
  --> /Users/sergiu.bursuc/baif/vericoding/benchmarks/verus/bignum/vericoder_gpt-mini_15-09_18h47/bignum_ModExp_ModExpPow2_Zeroes_impl.rs:32:9
   |
32 |         res = Vec::<char>::new();
   |         ^^^
   |
help: you might have meant to introduce a new binding
   |
32 |         let res = Vec::<char>::new();
   |         +++

error[E0425]: cannot find value `res` in this scope
  --> /Users/sergiu.bursuc/baif/vericoding/benchmarks/verus/bignum/vericoder_gpt-mini_15-09_18h47/bignum_ModExp_ModExpPow2_Zeroes_impl.rs:33:9
   |
33 |         res
   |         ^^^ not found in this scope

error[E0425]: cannot find value `res` in this scope
  --> /Users/sergiu.bursuc/baif/vericoding/benchmarks/verus/bignum/vericoder_gpt-mini_15-09_18h47/bignum_ModExp_ModExpPow2_Zeroes_impl.rs:43:9
   |
43 |         res = v;
   |         ^^^
   |
help: you might have meant to introduce a new binding
   |
43 |         let res = v;
   |         +++

error[E0425]: cannot find value `res` in this scope
  --> /Users/sergiu.bursuc/baif/vericoding/benchmarks/verus/bignum/vericoder_gpt-mini_15-09_18h47/bignum_ModExp_ModExpPow2_Zeroes_impl.rs:44:9
   |
44 |         res
   |         ^^^ not found in this scope

error[E0425]: cannot find value `res` in this scope
   --> /Users/sergiu.bursuc/baif/vericoding/benchmarks/verus/bignum/vericoder_gpt-mini_15-09_18h47/bignum_ModExp_ModExpPow2_Zeroes_impl.rs:113:3
    |
113 |   res = tmp;
    |   ^^^
    |
help: you might have meant to introduce a new binding
    |
113 |   let res = tmp;
    |   +++

error[E0425]: cannot find value `res` in this scope
   --> /Users/sergiu.bursuc/baif/vericoding/benchmarks/verus/bignum/vericoder_gpt-mini_15-09_18h47/bignum_ModExp_ModExpPow2_Zeroes_impl.rs:114:3
    |
114 |   res
    |   ^^^ not found in this scope

error: aborting due to 6 previous errors

For more information about this error, try `rustc --explain E0425`.
