=== Verification Error - Iteration 1 ===
File: /Users/sergiu.bursuc/baif/vericoding/benchmarks/verus/bignum/files/bignum_DivMod_Compare_Sub.rs
Time: 2025-09-15 20:38:03

Full Error Output:
--------------------------------------------------------------------------------
Compilation failed: error: The Verus types 'nat' and 'int' can only be used in ghost code (e.g., in a 'spec' or 'proof' function, inside a 'proof' block, or when assigning to a 'ghost' or 'tracked' variable)
  --> /Users/sergiu.bursuc/baif/vericoding/benchmarks/verus/bignum/vericoder_gpt-mini_15-09_18h47/bignum_DivMod_Compare_Sub_impl.rs:89:13
   |
89 |     let n = dividend.len() as int;
   |             ^^^^^^^^^^^^^^^^^^^^^

error: The Verus types 'nat' and 'int' can only be used in ghost code (e.g., in a 'spec' or 'proof' function, inside a 'proof' block, or when assigning to a 'ghost' or 'tracked' variable)
   --> /Users/sergiu.bursuc/baif/vericoding/benchmarks/verus/bignum/vericoder_gpt-mini_15-09_18h47/bignum_DivMod_Compare_Sub_impl.rs:101:26
    |
101 |         rem = rem * 2 + (b as nat);
    |                          ^^^^^^^^

error: The Verus types 'nat' and 'int' can only be used in ghost code (e.g., in a 'spec' or 'proof' function, inside a 'proof' block, or when assigning to a 'ghost' or 'tracked' variable)
   --> /Users/sergiu.bursuc/baif/vericoding/benchmarks/verus/bignum/vericoder_gpt-mini_15-09_18h47/bignum_DivMod_Compare_Sub_impl.rs:110:30
    |
110 |     let r = rem_to_bits(rem, divisor.len() as int);
    |                              ^^^^^^^^^^^^^^^^^^^^

error[E0425]: cannot find value `res` in this scope
  --> /Users/sergiu.bursuc/baif/vericoding/benchmarks/verus/bignum/vericoder_gpt-mini_15-09_18h47/bignum_DivMod_Compare_Sub_impl.rs:41:17
   |
41 |         Str2Int(res@) == orig,
   |                 ^^^ not found in this scope

error[E0425]: cannot find value `res` in this scope
  --> /Users/sergiu.bursuc/baif/vericoding/benchmarks/verus/bignum/vericoder_gpt-mini_15-09_18h47/bignum_DivMod_Compare_Sub_impl.rs:42:24
   |
42 |         ValidBitString(res@),
   |                        ^^^ not found in this scope

error[E0425]: cannot find value `res` in this scope
  --> /Users/sergiu.bursuc/baif/vericoding/benchmarks/verus/bignum/vericoder_gpt-mini_15-09_18h47/bignum_DivMod_Compare_Sub_impl.rs:43:9
   |
43 |         res.len() == k as nat,
   |         ^^^ not found in this scope

error: aborting due to 6 previous errors

For more information about this error, try `rustc --explain E0425`.

--------------------------------------------------------------------------------

Additional Output:
error: The Verus types 'nat' and 'int' can only be used in ghost code (e.g., in a 'spec' or 'proof' function, inside a 'proof' block, or when assigning to a 'ghost' or 'tracked' variable)
  --> /Users/sergiu.bursuc/baif/vericoding/benchmarks/verus/bignum/vericoder_gpt-mini_15-09_18h47/bignum_DivMod_Compare_Sub_impl.rs:89:13
   |
89 |     let n = dividend.len() as int;
   |             ^^^^^^^^^^^^^^^^^^^^^

error: The Verus types 'nat' and 'int' can only be used in ghost code (e.g., in a 'spec' or 'proof' function, inside a 'proof' block, or when assigning to a 'ghost' or 'tracked' variable)
   --> /Users/sergiu.bursuc/baif/vericoding/benchmarks/verus/bignum/vericoder_gpt-mini_15-09_18h47/bignum_DivMod_Compare_Sub_impl.rs:101:26
    |
101 |         rem = rem * 2 + (b as nat);
    |                          ^^^^^^^^

error: The Verus types 'nat' and 'int' can only be used in ghost code (e.g., in a 'spec' or 'proof' function, inside a 'proof' block, or when assigning to a 'ghost' or 'tracked' variable)
   --> /Users/sergiu.bursuc/baif/vericoding/benchmarks/verus/bignum/vericoder_gpt-mini_15-09_18h47/bignum_DivMod_Compare_Sub_impl.rs:110:30
    |
110 |     let r = rem_to_bits(rem, divisor.len() as int);
    |                              ^^^^^^^^^^^^^^^^^^^^

error[E0425]: cannot find value `res` in this scope
  --> /Users/sergiu.bursuc/baif/vericoding/benchmarks/verus/bignum/vericoder_gpt-mini_15-09_18h47/bignum_DivMod_Compare_Sub_impl.rs:41:17
   |
41 |         Str2Int(res@) == orig,
   |                 ^^^ not found in this scope

error[E0425]: cannot find value `res` in this scope
  --> /Users/sergiu.bursuc/baif/vericoding/benchmarks/verus/bignum/vericoder_gpt-mini_15-09_18h47/bignum_DivMod_Compare_Sub_impl.rs:42:24
   |
42 |         ValidBitString(res@),
   |                        ^^^ not found in this scope

error[E0425]: cannot find value `res` in this scope
  --> /Users/sergiu.bursuc/baif/vericoding/benchmarks/verus/bignum/vericoder_gpt-mini_15-09_18h47/bignum_DivMod_Compare_Sub_impl.rs:43:9
   |
43 |         res.len() == k as nat,
   |         ^^^ not found in this scope

error: aborting due to 6 previous errors

For more information about this error, try `rustc --explain E0425`.
