=== Verification Error - Iteration 1 ===
File: /Users/sergiu.bursuc/baif/vericoding/benchmarks/verus/bignum/files/bignum_ModExp_Add_DivMod_Zeroes.rs
Time: 2025-09-15 19:02:17

Full Error Output:
--------------------------------------------------------------------------------
Compilation failed: error[E0425]: cannot find value `result` in this scope
  --> /Users/sergiu.bursuc/baif/vericoding/benchmarks/verus/bignum/vericoder_gpt-mini_15-09_18h47/bignum_ModExp_Add_DivMod_Zeroes_impl.rs:28:9
   |
28 |         result == Str2Int(s@),
   |         ^^^^^^ not found in this scope

error[E0425]: cannot find value `result` in this scope
  --> /Users/sergiu.bursuc/baif/vericoding/benchmarks/verus/bignum/vericoder_gpt-mini_15-09_18h47/bignum_ModExp_Add_DivMod_Zeroes_impl.rs:49:9
   |
49 |         result < m,
   |         ^^^^^^ not found in this scope

error: aborting due to 2 previous errors

For more information about this error, try `rustc --explain E0425`.

--------------------------------------------------------------------------------

Additional Output:
error[E0425]: cannot find value `result` in this scope
  --> /Users/sergiu.bursuc/baif/vericoding/benchmarks/verus/bignum/vericoder_gpt-mini_15-09_18h47/bignum_ModExp_Add_DivMod_Zeroes_impl.rs:28:9
   |
28 |         result == Str2Int(s@),
   |         ^^^^^^ not found in this scope

error[E0425]: cannot find value `result` in this scope
  --> /Users/sergiu.bursuc/baif/vericoding/benchmarks/verus/bignum/vericoder_gpt-mini_15-09_18h47/bignum_ModExp_Add_DivMod_Zeroes_impl.rs:49:9
   |
49 |         result < m,
   |         ^^^^^^ not found in this scope

error: aborting due to 2 previous errors

For more information about this error, try `rustc --explain E0425`.
