=== Verification Error - Iteration 1 ===
File: /Users/sergiu.bursuc/baif/vericoding/benchmarks/verus/bignum/files/bignums_Sub_NormalizeBitstring.rs
Time: 2025-09-15 19:16:47

Full Error Output:
--------------------------------------------------------------------------------
Compilation failed: error[E0599]: no function or associated item named `from_slice` found for struct `std::vec::Vec<char>` in the current scope
  --> /Users/sergiu.bursuc/baif/vericoding/benchmarks/verus/bignum/vericoder_gpt-mini_15-09_18h47/bignums_Sub_NormalizeBitstring_impl.rs:26:41
   |
26 |     ensures ValidBitString(Vec::<char>::from_slice(s)@)
   |                                         ^^^^^^^^^^ function or associated item not found in `Vec<char>`
   |
note: if you're trying to build a new `std::vec::Vec<char>` consider using one of the following associated functions:
      std::vec::Vec::<T>::new
      std::vec::Vec::<T>::with_capacity
      std::vec::Vec::<T>::try_with_capacity
      std::vec::Vec::<T>::from_raw_parts
      and 6 others
  --> /rustc/6b00bc3880198600130e1cf62b8f8a93494488cc/library/alloc/src/vec/mod.rs:434:5
help: there is a method `extend_from_slice` with a similar name
   |
26 |     ensures ValidBitString(Vec::<char>::extend_from_slice(s)@)
   |                                         +++++++

error[E0599]: no function or associated item named `from_slice` found for struct `std::vec::Vec<char>` in the current scope
  --> /Users/sergiu.bursuc/baif/vericoding/benchmarks/verus/bignum/vericoder_gpt-mini_15-09_18h47/bignums_Sub_NormalizeBitstring_impl.rs:29:29
   |
29 |         assert(Vec::<char>::from_slice(s)@ == s@);
   |                             ^^^^^^^^^^ function or associated item not found in `Vec<char>`
   |
note: if you're trying to build a new `std::vec::Vec<char>` consider using one of the following associated functions:
      std::vec::Vec::<T>::new
      std::vec::Vec::<T>::with_capacity
      std::vec::Vec::<T>::try_with_capacity
      std::vec::Vec::<T>::from_raw_parts
      and 6 others
  --> /rustc/6b00bc3880198600130e1cf62b8f8a93494488cc/library/alloc/src/vec/mod.rs:434:5
help: there is a method `extend_from_slice` with a similar name
   |
29 |         assert(Vec::<char>::extend_from_slice(s)@ == s@);
   |                             +++++++

error[E0599]: no function or associated item named `from_slice` found for struct `std::vec::Vec<char>` in the current scope
  --> /Users/sergiu.bursuc/baif/vericoding/benchmarks/verus/bignum/vericoder_gpt-mini_15-09_18h47/bignums_Sub_NormalizeBitstring_impl.rs:41:32
   |
41 |     let mut res = Vec::<char>::from_slice(s);
   |                                ^^^^^^^^^^ function or associated item not found in `Vec<char>`
   |
note: if you're trying to build a new `std::vec::Vec<char>` consider using one of the following associated functions:
      std::vec::Vec::<T>::new
      std::vec::Vec::<T>::with_capacity
      std::vec::Vec::<T>::try_with_capacity
      std::vec::Vec::<T>::from_raw_parts
      and 6 others
  --> /rustc/6b00bc3880198600130e1cf62b8f8a93494488cc/library/alloc/src/vec/mod.rs:434:5
help: there is a method `extend_from_slice` with a similar name
   |
41 |     let mut res = Vec::<char>::extend_from_slice(s);
   |                                +++++++

error: aborting due to 3 previous errors

For more information about this error, try `rustc --explain E0599`.

--------------------------------------------------------------------------------

Additional Output:
error[E0599]: no function or associated item named `from_slice` found for struct `std::vec::Vec<char>` in the current scope
  --> /Users/sergiu.bursuc/baif/vericoding/benchmarks/verus/bignum/vericoder_gpt-mini_15-09_18h47/bignums_Sub_NormalizeBitstring_impl.rs:26:41
   |
26 |     ensures ValidBitString(Vec::<char>::from_slice(s)@)
   |                                         ^^^^^^^^^^ function or associated item not found in `Vec<char>`
   |
note: if you're trying to build a new `std::vec::Vec<char>` consider using one of the following associated functions:
      std::vec::Vec::<T>::new
      std::vec::Vec::<T>::with_capacity
      std::vec::Vec::<T>::try_with_capacity
      std::vec::Vec::<T>::from_raw_parts
      and 6 others
  --> /rustc/6b00bc3880198600130e1cf62b8f8a93494488cc/library/alloc/src/vec/mod.rs:434:5
help: there is a method `extend_from_slice` with a similar name
   |
26 |     ensures ValidBitString(Vec::<char>::extend_from_slice(s)@)
   |                                         +++++++

error[E0599]: no function or associated item named `from_slice` found for struct `std::vec::Vec<char>` in the current scope
  --> /Users/sergiu.bursuc/baif/vericoding/benchmarks/verus/bignum/vericoder_gpt-mini_15-09_18h47/bignums_Sub_NormalizeBitstring_impl.rs:29:29
   |
29 |         assert(Vec::<char>::from_slice(s)@ == s@);
   |                             ^^^^^^^^^^ function or associated item not found in `Vec<char>`
   |
note: if you're trying to build a new `std::vec::Vec<char>` consider using one of the following associated functions:
      std::vec::Vec::<T>::new
      std::vec::Vec::<T>::with_capacity
      std::vec::Vec::<T>::try_with_capacity
      std::vec::Vec::<T>::from_raw_parts
      and 6 others
  --> /rustc/6b00bc3880198600130e1cf62b8f8a93494488cc/library/alloc/src/vec/mod.rs:434:5
help: there is a method `extend_from_slice` with a similar name
   |
29 |         assert(Vec::<char>::extend_from_slice(s)@ == s@);
   |                             +++++++

error[E0599]: no function or associated item named `from_slice` found for struct `std::vec::Vec<char>` in the current scope
  --> /Users/sergiu.bursuc/baif/vericoding/benchmarks/verus/bignum/vericoder_gpt-mini_15-09_18h47/bignums_Sub_NormalizeBitstring_impl.rs:41:32
   |
41 |     let mut res = Vec::<char>::from_slice(s);
   |                                ^^^^^^^^^^ function or associated item not found in `Vec<char>`
   |
note: if you're trying to build a new `std::vec::Vec<char>` consider using one of the following associated functions:
      std::vec::Vec::<T>::new
      std::vec::Vec::<T>::with_capacity
      std::vec::Vec::<T>::try_with_capacity
      std::vec::Vec::<T>::from_raw_parts
      and 6 others
  --> /rustc/6b00bc3880198600130e1cf62b8f8a93494488cc/library/alloc/src/vec/mod.rs:434:5
help: there is a method `extend_from_slice` with a similar name
   |
41 |     let mut res = Vec::<char>::extend_from_slice(s);
   |                                +++++++

error: aborting due to 3 previous errors

For more information about this error, try `rustc --explain E0599`.
