=== Verification Error - Iteration 1 ===
File: /Users/sergiu.bursuc/baif/vericoding/benchmarks/verus/bignum/files/bignum_ModExp_Add_ModExpPow2_Zeroes.rs
Time: 2025-09-16 02:42:07

Full Error Output:
--------------------------------------------------------------------------------
Compilation failed: error[E0425]: cannot find value `result` in this scope
  --> /Users/sergiu.bursuc/baif/vericoding/benchmarks/verus/bignum/vericoder_gpt-mini_15-09_18h47/bignum_ModExp_Add_ModExpPow2_Zeroes_impl.rs:26:9
   |
26 |         result == Str2Int(a@),
   |         ^^^^^^ not found in this scope

error[E0425]: cannot find value `result` in this scope
  --> /Users/sergiu.bursuc/baif/vericoding/benchmarks/verus/bignum/vericoder_gpt-mini_15-09_18h47/bignum_ModExp_Add_ModExpPow2_Zeroes_impl.rs:51:24
   |
51 |         ValidBitString(result@),
   |                        ^^^^^^ not found in this scope

error[E0425]: cannot find value `result` in this scope
  --> /Users/sergiu.bursuc/baif/vericoding/benchmarks/verus/bignum/vericoder_gpt-mini_15-09_18h47/bignum_ModExp_Add_ModExpPow2_Zeroes_impl.rs:52:17
   |
52 |         Str2Int(result@) == n % base,
   |                 ^^^^^^ not found in this scope

error: aborting due to 3 previous errors

For more information about this error, try `rustc --explain E0425`.

--------------------------------------------------------------------------------

Additional Output:
error[E0425]: cannot find value `result` in this scope
  --> /Users/sergiu.bursuc/baif/vericoding/benchmarks/verus/bignum/vericoder_gpt-mini_15-09_18h47/bignum_ModExp_Add_ModExpPow2_Zeroes_impl.rs:26:9
   |
26 |         result == Str2Int(a@),
   |         ^^^^^^ not found in this scope

error[E0425]: cannot find value `result` in this scope
  --> /Users/sergiu.bursuc/baif/vericoding/benchmarks/verus/bignum/vericoder_gpt-mini_15-09_18h47/bignum_ModExp_Add_ModExpPow2_Zeroes_impl.rs:51:24
   |
51 |         ValidBitString(result@),
   |                        ^^^^^^ not found in this scope

error[E0425]: cannot find value `result` in this scope
  --> /Users/sergiu.bursuc/baif/vericoding/benchmarks/verus/bignum/vericoder_gpt-mini_15-09_18h47/bignum_ModExp_Add_ModExpPow2_Zeroes_impl.rs:52:17
   |
52 |         Str2Int(result@) == n % base,
   |                 ^^^^^^ not found in this scope

error: aborting due to 3 previous errors

For more information about this error, try `rustc --explain E0425`.
