=== Verification Error - Iteration 3 ===
File: /Users/sergiu.bursuc/baif/vericoding/benchmarks/verus/bignum/files/bignum_ModExpPow2_DivMod_Mul.rs
Time: 2025-09-15 20:25:11

Full Error Output:
--------------------------------------------------------------------------------
Compilation failed: error[E0605]: non-primitive cast: `vstd::prelude::int` as `usize`
   --> /Users/sergiu.bursuc/baif/vericoding/benchmarks/verus/bignum/vericoder_gpt-mini_15-09_18h47/bignum_ModExpPow2_DivMod_Mul_impl.rs:290:30
    |
290 |         let n_usize: usize = n as usize;
    |                              ^^^^^^^^^^ an `as` expression can only be used to convert between primitive types or to coerce to a specific trait object

error: aborting due to 1 previous error

For more information about this error, try `rustc --explain E0605`.

--------------------------------------------------------------------------------

Additional Output:
error[E0605]: non-primitive cast: `vstd::prelude::int` as `usize`
   --> /Users/sergiu.bursuc/baif/vericoding/benchmarks/verus/bignum/vericoder_gpt-mini_15-09_18h47/bignum_ModExpPow2_DivMod_Mul_impl.rs:290:30
    |
290 |         let n_usize: usize = n as usize;
    |                              ^^^^^^^^^^ an `as` expression can only be used to convert between primitive types or to coerce to a specific trait object

error: aborting due to 1 previous error

For more information about this error, try `rustc --explain E0605`.
