=== Verification Error - Iteration 1 ===
File: benchmarks/verus/bignum/files/bignums_Sub.rs
Time: 2025-09-15 10:53:28

Full Error Output:
--------------------------------------------------------------------------------
Compilation failed: error: The Verus types 'nat' and 'int' can only be used in ghost code (e.g., in a 'spec' or 'proof' function, inside a 'proof' block, or when assigning to a 'ghost' or 'tracked' variable)
  --> /Users/sergiu.bursuc/baif/vericoding/benchmarks/verus/bignum/vericoder_grok-code_15-09_10h42/bignums_Sub_impl.rs:58:35
   |
58 |         res.push(result_seq.index(i as int));
   |                                   ^^^^^^^^

error[E0425]: cannot find value `result` in this scope
  --> /Users/sergiu.bursuc/baif/vericoding/benchmarks/verus/bignum/vericoder_grok-code_15-09_10h42/bignums_Sub_impl.rs:26:24
   |
26 |         ValidBitString(result),
   |                        ^^^^^^ not found in this scope

error[E0425]: cannot find value `result` in this scope
  --> /Users/sergiu.bursuc/baif/vericoding/benchmarks/verus/bignum/vericoder_grok-code_15-09_10h42/bignums_Sub_impl.rs:27:17
   |
27 |         Str2Int(result) == n
   |                 ^^^^^^ not found in this scope

error: aborting due to 3 previous errors

For more information about this error, try `rustc --explain E0425`.

--------------------------------------------------------------------------------

Additional Output:
error: The Verus types 'nat' and 'int' can only be used in ghost code (e.g., in a 'spec' or 'proof' function, inside a 'proof' block, or when assigning to a 'ghost' or 'tracked' variable)
  --> /Users/sergiu.bursuc/baif/vericoding/benchmarks/verus/bignum/vericoder_grok-code_15-09_10h42/bignums_Sub_impl.rs:58:35
   |
58 |         res.push(result_seq.index(i as int));
   |                                   ^^^^^^^^

error[E0425]: cannot find value `result` in this scope
  --> /Users/sergiu.bursuc/baif/vericoding/benchmarks/verus/bignum/vericoder_grok-code_15-09_10h42/bignums_Sub_impl.rs:26:24
   |
26 |         ValidBitString(result),
   |                        ^^^^^^ not found in this scope

error[E0425]: cannot find value `result` in this scope
  --> /Users/sergiu.bursuc/baif/vericoding/benchmarks/verus/bignum/vericoder_grok-code_15-09_10h42/bignums_Sub_impl.rs:27:17
   |
27 |         Str2Int(result) == n
   |                 ^^^^^^ not found in this scope

error: aborting due to 3 previous errors

For more information about this error, try `rustc --explain E0425`.
