=== Verification Error - Iteration 1 ===
File: /Users/sergiu.bursuc/baif/vericoding/benchmarks/verus/bignum/files/bignum_ModExp_Add_DivMod_ModExpPow2.rs
Time: 2025-09-15 20:15:19

Full Error Output:
--------------------------------------------------------------------------------
Compilation failed: error[E0425]: cannot find value `i` in this scope
  --> /Users/sergiu.bursuc/baif/vericoding/benchmarks/verus/bignum/vericoder_gpt_15-09_18h47/bignum_ModExp_Add_DivMod_ModExpPow2_impl.rs:76:12
   |
76 |         if i < len_s {
   |            ^ help: a local variable with a similar name exists: `c`

error[E0425]: cannot find value `i` in this scope
  --> /Users/sergiu.bursuc/baif/vericoding/benchmarks/verus/bignum/vericoder_gpt_15-09_18h47/bignum_ModExp_Add_DivMod_ModExpPow2_impl.rs:77:36
   |
77 |             assert(s.push(c).index(i) == s.index(i));
   |                                    ^ help: a local variable with a similar name exists: `c`

error[E0425]: cannot find value `i` in this scope
  --> /Users/sergiu.bursuc/baif/vericoding/benchmarks/verus/bignum/vericoder_gpt_15-09_18h47/bignum_ModExp_Add_DivMod_ModExpPow2_impl.rs:77:50
   |
77 |             assert(s.push(c).index(i) == s.index(i));
   |                                                  ^ help: a local variable with a similar name exists: `c`

error[E0425]: cannot find value `i` in this scope
  --> /Users/sergiu.bursuc/baif/vericoding/benchmarks/verus/bignum/vericoder_gpt_15-09_18h47/bignum_ModExp_Add_DivMod_ModExpPow2_impl.rs:78:28
   |
78 |             assert(s.index(i) == '0' || s.index(i) == '1');
   |                            ^ help: a local variable with a similar name exists: `c`

error[E0425]: cannot find value `i` in this scope
  --> /Users/sergiu.bursuc/baif/vericoding/benchmarks/verus/bignum/vericoder_gpt_15-09_18h47/bignum_ModExp_Add_DivMod_ModExpPow2_impl.rs:78:49
   |
78 |             assert(s.index(i) == '0' || s.index(i) == '1');
   |                                                 ^ help: a local variable with a similar name exists: `c`

error[E0425]: cannot find value `i` in this scope
  --> /Users/sergiu.bursuc/baif/vericoding/benchmarks/verus/bignum/vericoder_gpt_15-09_18h47/bignum_ModExp_Add_DivMod_ModExpPow2_impl.rs:80:20
   |
80 |             assert(i == len_s);
   |                    ^ help: a local variable with a similar name exists: `c`

error[E0425]: cannot find value `i` in this scope
  --> /Users/sergiu.bursuc/baif/vericoding/benchmarks/verus/bignum/vericoder_gpt_15-09_18h47/bignum_ModExp_Add_DivMod_ModExpPow2_impl.rs:81:36
   |
81 |             assert(s.push(c).index(i) == c);
   |                                    ^ help: a local variable with a similar name exists: `c`

error: aborting due to 7 previous errors

For more information about this error, try `rustc --explain E0425`.

--------------------------------------------------------------------------------

Additional Output:
error[E0425]: cannot find value `i` in this scope
  --> /Users/sergiu.bursuc/baif/vericoding/benchmarks/verus/bignum/vericoder_gpt_15-09_18h47/bignum_ModExp_Add_DivMod_ModExpPow2_impl.rs:76:12
   |
76 |         if i < len_s {
   |            ^ help: a local variable with a similar name exists: `c`

error[E0425]: cannot find value `i` in this scope
  --> /Users/sergiu.bursuc/baif/vericoding/benchmarks/verus/bignum/vericoder_gpt_15-09_18h47/bignum_ModExp_Add_DivMod_ModExpPow2_impl.rs:77:36
   |
77 |             assert(s.push(c).index(i) == s.index(i));
   |                                    ^ help: a local variable with a similar name exists: `c`

error[E0425]: cannot find value `i` in this scope
  --> /Users/sergiu.bursuc/baif/vericoding/benchmarks/verus/bignum/vericoder_gpt_15-09_18h47/bignum_ModExp_Add_DivMod_ModExpPow2_impl.rs:77:50
   |
77 |             assert(s.push(c).index(i) == s.index(i));
   |                                                  ^ help: a local variable with a similar name exists: `c`

error[E0425]: cannot find value `i` in this scope
  --> /Users/sergiu.bursuc/baif/vericoding/benchmarks/verus/bignum/vericoder_gpt_15-09_18h47/bignum_ModExp_Add_DivMod_ModExpPow2_impl.rs:78:28
   |
78 |             assert(s.index(i) == '0' || s.index(i) == '1');
   |                            ^ help: a local variable with a similar name exists: `c`

error[E0425]: cannot find value `i` in this scope
  --> /Users/sergiu.bursuc/baif/vericoding/benchmarks/verus/bignum/vericoder_gpt_15-09_18h47/bignum_ModExp_Add_DivMod_ModExpPow2_impl.rs:78:49
   |
78 |             assert(s.index(i) == '0' || s.index(i) == '1');
   |                                                 ^ help: a local variable with a similar name exists: `c`

error[E0425]: cannot find value `i` in this scope
  --> /Users/sergiu.bursuc/baif/vericoding/benchmarks/verus/bignum/vericoder_gpt_15-09_18h47/bignum_ModExp_Add_DivMod_ModExpPow2_impl.rs:80:20
   |
80 |             assert(i == len_s);
   |                    ^ help: a local variable with a similar name exists: `c`

error[E0425]: cannot find value `i` in this scope
  --> /Users/sergiu.bursuc/baif/vericoding/benchmarks/verus/bignum/vericoder_gpt_15-09_18h47/bignum_ModExp_Add_DivMod_ModExpPow2_impl.rs:81:36
   |
81 |             assert(s.push(c).index(i) == c);
   |                                    ^ help: a local variable with a similar name exists: `c`

error: aborting due to 7 previous errors

For more information about this error, try `rustc --explain E0425`.
