=== Verification Error - Iteration 2 ===
File: /Users/sergiu.bursuc/baif/vericoding/benchmarks/verus/bignum/files/bignum_DivMod.rs
Time: 2025-09-15 18:51:11

Full Error Output:
--------------------------------------------------------------------------------
Compilation failed: error[E0425]: cannot find value `result` in this scope
  --> /Users/sergiu.bursuc/baif/vericoding/benchmarks/verus/bignum/vericoder_gpt_15-09_18h47/bignum_DivMod_impl.rs:66:9
   |
66 |         result@ == NatToBits(n),
   |         ^^^^^^ not found in this scope

error[E0425]: cannot find value `result` in this scope
  --> /Users/sergiu.bursuc/baif/vericoding/benchmarks/verus/bignum/vericoder_gpt_15-09_18h47/bignum_DivMod_impl.rs:67:24
   |
67 |         ValidBitString(result@),
   |                        ^^^^^^ not found in this scope

error[E0425]: cannot find value `result` in this scope
  --> /Users/sergiu.bursuc/baif/vericoding/benchmarks/verus/bignum/vericoder_gpt_15-09_18h47/bignum_DivMod_impl.rs:68:17
   |
68 |         Str2Int(result@) == n,
   |                 ^^^^^^ not found in this scope

error: aborting due to 3 previous errors

For more information about this error, try `rustc --explain E0425`.

--------------------------------------------------------------------------------

Additional Output:
error[E0425]: cannot find value `result` in this scope
  --> /Users/sergiu.bursuc/baif/vericoding/benchmarks/verus/bignum/vericoder_gpt_15-09_18h47/bignum_DivMod_impl.rs:66:9
   |
66 |         result@ == NatToBits(n),
   |         ^^^^^^ not found in this scope

error[E0425]: cannot find value `result` in this scope
  --> /Users/sergiu.bursuc/baif/vericoding/benchmarks/verus/bignum/vericoder_gpt_15-09_18h47/bignum_DivMod_impl.rs:67:24
   |
67 |         ValidBitString(result@),
   |                        ^^^^^^ not found in this scope

error[E0425]: cannot find value `result` in this scope
  --> /Users/sergiu.bursuc/baif/vericoding/benchmarks/verus/bignum/vericoder_gpt_15-09_18h47/bignum_DivMod_impl.rs:68:17
   |
68 |         Str2Int(result@) == n,
   |                 ^^^^^^ not found in this scope

error: aborting due to 3 previous errors

For more information about this error, try `rustc --explain E0425`.
