=== Verification Error - Iteration 3 ===
File: /Users/sergiu.bursuc/baif/vericoding/benchmarks/verus/bignum/files/bignum_ModExp_ModExpPow2_Mul_Zeroes.rs
Time: 2025-09-15 20:19:27

Full Error Output:
--------------------------------------------------------------------------------
Compilation failed: error[E0425]: cannot find function `seq_to_vec` in module `vstd::seq_lib`
   --> /Users/sergiu.bursuc/baif/vericoding/benchmarks/verus/bignum/vericoder_gpt_15-09_18h47/bignum_ModExp_ModExpPow2_Mul_Zeroes_impl.rs:104:20
    |
104 |     vstd::seq_lib::seq_to_vec::<char>(s)
    |                    ^^^^^^^^^^ not found in `vstd::seq_lib`

error: aborting due to 1 previous error

For more information about this error, try `rustc --explain E0425`.

--------------------------------------------------------------------------------

Additional Output:
error[E0425]: cannot find function `seq_to_vec` in module `vstd::seq_lib`
   --> /Users/sergiu.bursuc/baif/vericoding/benchmarks/verus/bignum/vericoder_gpt_15-09_18h47/bignum_ModExp_ModExpPow2_Mul_Zeroes_impl.rs:104:20
    |
104 |     vstd::seq_lib::seq_to_vec::<char>(s)
    |                    ^^^^^^^^^^ not found in `vstd::seq_lib`

error: aborting due to 1 previous error

For more information about this error, try `rustc --explain E0425`.
