=== Verification Error - Iteration 6 ===
File: /Users/sergiu.bursuc/baif/vericoding/benchmarks/verus/bignum/files/bignum_ModExp_int_ModExpPow2_int.rs
Time: 2025-09-15 20:58:54

Full Error Output:
--------------------------------------------------------------------------------
Compilation failed: error[E0599]: no method named `to_vec` found for struct `vstd::seq::Seq` in the current scope
   --> /Users/sergiu.bursuc/baif/vericoding/benchmarks/verus/bignum/vericoder_gpt_15-09_18h47/bignum_ModExp_int_ModExpPow2_int_impl.rs:126:27
    |
126 |     let res = Nat2Bits(n).to_vec();
    |                           ^^^^^^
    |
help: there is a method `to_set` with a similar name
    |
126 -     let res = Nat2Bits(n).to_vec();
126 +     let res = Nat2Bits(n).to_set();
    |

error: aborting due to 1 previous error

For more information about this error, try `rustc --explain E0599`.

--------------------------------------------------------------------------------

Additional Output:
error[E0599]: no method named `to_vec` found for struct `vstd::seq::Seq` in the current scope
   --> /Users/sergiu.bursuc/baif/vericoding/benchmarks/verus/bignum/vericoder_gpt_15-09_18h47/bignum_ModExp_int_ModExpPow2_int_impl.rs:126:27
    |
126 |     let res = Nat2Bits(n).to_vec();
    |                           ^^^^^^
    |
help: there is a method `to_set` with a similar name
    |
126 -     let res = Nat2Bits(n).to_vec();
126 +     let res = Nat2Bits(n).to_set();
    |

error: aborting due to 1 previous error

For more information about this error, try `rustc --explain E0599`.
