=== Verification Error - Iteration 5 ===
File: /Users/sergiu.bursuc/baif/vericoding/benchmarks/verus/bignum/files/bignum_ModExp_int_ModExpPow2_int.rs
Time: 2025-09-15 20:56:57

Full Error Output:
--------------------------------------------------------------------------------
Compilation failed: error[E0425]: cannot find value `i` in this scope
  --> /Users/sergiu.bursuc/baif/vericoding/benchmarks/verus/bignum/vericoder_gpt_15-09_18h47/bignum_ModExp_int_ModExpPow2_int_impl.rs:46:17
   |
46 |         if 0 <= i && i < s.push(c).len() as int {
   |                 ^ help: a local variable with a similar name exists: `c`

error[E0425]: cannot find value `i` in this scope
  --> /Users/sergiu.bursuc/baif/vericoding/benchmarks/verus/bignum/vericoder_gpt_15-09_18h47/bignum_ModExp_int_ModExpPow2_int_impl.rs:46:22
   |
46 |         if 0 <= i && i < s.push(c).len() as int {
   |                      ^ help: a local variable with a similar name exists: `c`

error[E0425]: cannot find value `i` in this scope
  --> /Users/sergiu.bursuc/baif/vericoding/benchmarks/verus/bignum/vericoder_gpt_15-09_18h47/bignum_ModExp_int_ModExpPow2_int_impl.rs:47:16
   |
47 |             if i < s.len() as int {
   |                ^ help: a local variable with a similar name exists: `c`

error[E0425]: cannot find value `i` in this scope
  --> /Users/sergiu.bursuc/baif/vericoding/benchmarks/verus/bignum/vericoder_gpt_15-09_18h47/bignum_ModExp_int_ModExpPow2_int_impl.rs:48:29
   |
48 |                 assert(0 <= i && i < s.len() as int);
   |                             ^ help: a local variable with a similar name exists: `c`

error[E0425]: cannot find value `i` in this scope
  --> /Users/sergiu.bursuc/baif/vericoding/benchmarks/verus/bignum/vericoder_gpt_15-09_18h47/bignum_ModExp_int_ModExpPow2_int_impl.rs:48:34
   |
48 |                 assert(0 <= i && i < s.len() as int);
   |                                  ^ help: a local variable with a similar name exists: `c`

error[E0425]: cannot find value `i` in this scope
  --> /Users/sergiu.bursuc/baif/vericoding/benchmarks/verus/bignum/vericoder_gpt_15-09_18h47/bignum_ModExp_int_ModExpPow2_int_impl.rs:50:32
   |
50 |                 assert(s.index(i) == '0' || s.index(i) == '1');
   |                                ^ help: a local variable with a similar name exists: `c`

error[E0425]: cannot find value `i` in this scope
  --> /Users/sergiu.bursuc/baif/vericoding/benchmarks/verus/bignum/vericoder_gpt_15-09_18h47/bignum_ModExp_int_ModExpPow2_int_impl.rs:50:53
   |
50 |                 assert(s.index(i) == '0' || s.index(i) == '1');
   |                                                     ^ help: a local variable with a similar name exists: `c`

error[E0425]: cannot find value `i` in this scope
  --> /Users/sergiu.bursuc/baif/vericoding/benchmarks/verus/bignum/vericoder_gpt_15-09_18h47/bignum_ModExp_int_ModExpPow2_int_impl.rs:51:40
   |
51 |                 assert(s.push(c).index(i) == s.index(i));
   |                                        ^ help: a local variable with a similar name exists: `c`

error[E0425]: cannot find value `i` in this scope
  --> /Users/sergiu.bursuc/baif/vericoding/benchmarks/verus/bignum/vericoder_gpt_15-09_18h47/bignum_ModExp_int_ModExpPow2_int_impl.rs:51:54
   |
51 |                 assert(s.push(c).index(i) == s.index(i));
   |                                                      ^ help: a local variable with a similar name exists: `c`

error[E0425]: cannot find value `i` in this scope
  --> /Users/sergiu.bursuc/baif/vericoding/benchmarks/verus/bignum/vericoder_gpt_15-09_18h47/bignum_ModExp_int_ModExpPow2_int_impl.rs:52:40
   |
52 |                 assert(s.push(c).index(i) == '0' || s.push(c).index(i) == '1');
   |                                        ^ help: a local variable with a similar name exists: `c`

error[E0425]: cannot find value `i` in this scope
  --> /Users/sergiu.bursuc/baif/vericoding/benchmarks/verus/bignum/vericoder_gpt_15-09_18h47/bignum_ModExp_int_ModExpPow2_int_impl.rs:52:69
   |
52 |                 assert(s.push(c).index(i) == '0' || s.push(c).index(i) == '1');
   |                                                                     ^ help: a local variable with a similar name exists: `c`

error[E0425]: cannot find value `i` in this scope
  --> /Users/sergiu.bursuc/baif/vericoding/benchmarks/verus/bignum/vericoder_gpt_15-09_18h47/bignum_ModExp_int_ModExpPow2_int_impl.rs:55:24
   |
55 |                 assert(i == s.len() as int);
   |                        ^ help: a local variable with a similar name exists: `c`

error[E0425]: cannot find value `i` in this scope
  --> /Users/sergiu.bursuc/baif/vericoding/benchmarks/verus/bignum/vericoder_gpt_15-09_18h47/bignum_ModExp_int_ModExpPow2_int_impl.rs:56:40
   |
56 |                 assert(s.push(c).index(i) == c);
   |                                        ^ help: a local variable with a similar name exists: `c`

error[E0425]: cannot find value `i` in this scope
  --> /Users/sergiu.bursuc/baif/vericoding/benchmarks/verus/bignum/vericoder_gpt_15-09_18h47/bignum_ModExp_int_ModExpPow2_int_impl.rs:58:40
   |
58 |                 assert(s.push(c).index(i) == '0' || s.push(c).index(i) == '1');
   |                                        ^ help: a local variable with a similar name exists: `c`

error[E0425]: cannot find value `i` in this scope
  --> /Users/sergiu.bursuc/baif/vericoding/benchmarks/verus/bignum/vericoder_gpt_15-09_18h47/bignum_ModExp_int_ModExpPow2_int_impl.rs:58:69
   |
58 |                 assert(s.push(c).index(i) == '0' || s.push(c).index(i) == '1');
   |                                                                     ^ help: a local variable with a similar name exists: `c`

error: aborting due to 15 previous errors

For more information about this error, try `rustc --explain E0425`.

--------------------------------------------------------------------------------

Additional Output:
error[E0425]: cannot find value `i` in this scope
  --> /Users/sergiu.bursuc/baif/vericoding/benchmarks/verus/bignum/vericoder_gpt_15-09_18h47/bignum_ModExp_int_ModExpPow2_int_impl.rs:46:17
   |
46 |         if 0 <= i && i < s.push(c).len() as int {
   |                 ^ help: a local variable with a similar name exists: `c`

error[E0425]: cannot find value `i` in this scope
  --> /Users/sergiu.bursuc/baif/vericoding/benchmarks/verus/bignum/vericoder_gpt_15-09_18h47/bignum_ModExp_int_ModExpPow2_int_impl.rs:46:22
   |
46 |         if 0 <= i && i < s.push(c).len() as int {
   |                      ^ help: a local variable with a similar name exists: `c`

error[E0425]: cannot find value `i` in this scope
  --> /Users/sergiu.bursuc/baif/vericoding/benchmarks/verus/bignum/vericoder_gpt_15-09_18h47/bignum_ModExp_int_ModExpPow2_int_impl.rs:47:16
   |
47 |             if i < s.len() as int {
   |                ^ help: a local variable with a similar name exists: `c`

error[E0425]: cannot find value `i` in this scope
  --> /Users/sergiu.bursuc/baif/vericoding/benchmarks/verus/bignum/vericoder_gpt_15-09_18h47/bignum_ModExp_int_ModExpPow2_int_impl.rs:48:29
   |
48 |                 assert(0 <= i && i < s.len() as int);
   |                             ^ help: a local variable with a similar name exists: `c`

error[E0425]: cannot find value `i` in this scope
  --> /Users/sergiu.bursuc/baif/vericoding/benchmarks/verus/bignum/vericoder_gpt_15-09_18h47/bignum_ModExp_int_ModExpPow2_int_impl.rs:48:34
   |
48 |                 assert(0 <= i && i < s.len() as int);
   |                                  ^ help: a local variable with a similar name exists: `c`

error[E0425]: cannot find value `i` in this scope
  --> /Users/sergiu.bursuc/baif/vericoding/benchmarks/verus/bignum/vericoder_gpt_15-09_18h47/bignum_ModExp_int_ModExpPow2_int_impl.rs:50:32
   |
50 |                 assert(s.index(i) == '0' || s.index(i) == '1');
   |                                ^ help: a local variable with a similar name exists: `c`

error[E0425]: cannot find value `i` in this scope
  --> /Users/sergiu.bursuc/baif/vericoding/benchmarks/verus/bignum/vericoder_gpt_15-09_18h47/bignum_ModExp_int_ModExpPow2_int_impl.rs:50:53
   |
50 |                 assert(s.index(i) == '0' || s.index(i) == '1');
   |                                                     ^ help: a local variable with a similar name exists: `c`

error[E0425]: cannot find value `i` in this scope
  --> /Users/sergiu.bursuc/baif/vericoding/benchmarks/verus/bignum/vericoder_gpt_15-09_18h47/bignum_ModExp_int_ModExpPow2_int_impl.rs:51:40
   |
51 |                 assert(s.push(c).index(i) == s.index(i));
   |                                        ^ help: a local variable with a similar name exists: `c`

error[E0425]: cannot find value `i` in this scope
  --> /Users/sergiu.bursuc/baif/vericoding/benchmarks/verus/bignum/vericoder_gpt_15-09_18h47/bignum_ModExp_int_ModExpPow2_int_impl.rs:51:54
   |
51 |                 assert(s.push(c).index(i) == s.index(i));
   |                                                      ^ help: a local variable with a similar name exists: `c`

error[E0425]: cannot find value `i` in this scope
  --> /Users/sergiu.bursuc/baif/vericoding/benchmarks/verus/bignum/vericoder_gpt_15-09_18h47/bignum_ModExp_int_ModExpPow2_int_impl.rs:52:40
   |
52 |                 assert(s.push(c).index(i) == '0' || s.push(c).index(i) == '1');
   |                                        ^ help: a local variable with a similar name exists: `c`

error[E0425]: cannot find value `i` in this scope
  --> /Users/sergiu.bursuc/baif/vericoding/benchmarks/verus/bignum/vericoder_gpt_15-09_18h47/bignum_ModExp_int_ModExpPow2_int_impl.rs:52:69
   |
52 |                 assert(s.push(c).index(i) == '0' || s.push(c).index(i) == '1');
   |                                                                     ^ help: a local variable with a similar name exists: `c`

error[E0425]: cannot find value `i` in this scope
  --> /Users/sergiu.bursuc/baif/vericoding/benchmarks/verus/bignum/vericoder_gpt_15-09_18h47/bignum_ModExp_int_ModExpPow2_int_impl.rs:55:24
   |
55 |                 assert(i == s.len() as int);
   |                        ^ help: a local variable with a similar name exists: `c`

error[E0425]: cannot find value `i` in this scope
  --> /Users/sergiu.bursuc/baif/vericoding/benchmarks/verus/bignum/vericoder_gpt_15-09_18h47/bignum_ModExp_int_ModExpPow2_int_impl.rs:56:40
   |
56 |                 assert(s.push(c).index(i) == c);
   |                                        ^ help: a local variable with a similar name exists: `c`

error[E0425]: cannot find value `i` in this scope
  --> /Users/sergiu.bursuc/baif/vericoding/benchmarks/verus/bignum/vericoder_gpt_15-09_18h47/bignum_ModExp_int_ModExpPow2_int_impl.rs:58:40
   |
58 |                 assert(s.push(c).index(i) == '0' || s.push(c).index(i) == '1');
   |                                        ^ help: a local variable with a similar name exists: `c`

error[E0425]: cannot find value `i` in this scope
  --> /Users/sergiu.bursuc/baif/vericoding/benchmarks/verus/bignum/vericoder_gpt_15-09_18h47/bignum_ModExp_int_ModExpPow2_int_impl.rs:58:69
   |
58 |                 assert(s.push(c).index(i) == '0' || s.push(c).index(i) == '1');
   |                                                                     ^ help: a local variable with a similar name exists: `c`

error: aborting due to 15 previous errors

For more information about this error, try `rustc --explain E0425`.
