=== Verification Error - Iteration 2 ===
File: /Users/sergiu.bursuc/baif/vericoding/benchmarks/verus/bignum/files/bignum_ModExp_Add_DivMod_Zeroes.rs
Time: 2025-09-15 19:08:07

Full Error Output:
--------------------------------------------------------------------------------
Compilation failed: error[E0425]: cannot find function `require` in this scope
  --> /Users/sergiu.bursuc/baif/vericoding/benchmarks/verus/bignum/vericoder_gpt_15-09_18h47/bignum_ModExp_Add_DivMod_Zeroes_impl.rs:49:9
   |
49 |         require(0 <= i && i < s.push(c).len() as int);
   |         ^^^^^^^ help: a function with a similar name exists: `requires`
  --> /Users/runner/work/verus/verus/source/builtin/src/lib.rs:36:1
   |
   = note: similarly named function `requires` defined here

error: aborting due to 1 previous error

For more information about this error, try `rustc --explain E0425`.

--------------------------------------------------------------------------------

Additional Output:
error[E0425]: cannot find function `require` in this scope
  --> /Users/sergiu.bursuc/baif/vericoding/benchmarks/verus/bignum/vericoder_gpt_15-09_18h47/bignum_ModExp_Add_DivMod_Zeroes_impl.rs:49:9
   |
49 |         require(0 <= i && i < s.push(c).len() as int);
   |         ^^^^^^^ help: a function with a similar name exists: `requires`
  --> /Users/runner/work/verus/verus/source/builtin/src/lib.rs:36:1
   |
   = note: similarly named function `requires` defined here

error: aborting due to 1 previous error

For more information about this error, try `rustc --explain E0425`.
