=== Verification Error - Iteration 1 ===
File: /Users/sergiu.bursuc/baif/vericoding/benchmarks/verus/bignum/files/bignum_DivMod.rs
Time: 2025-09-15 18:48:54

Full Error Output:
--------------------------------------------------------------------------------
Compilation failed: error[E0599]: no function or associated item named `from_seq` found for struct `std::vec::Vec<char>` in the current scope
  --> /Users/sergiu.bursuc/baif/vericoding/benchmarks/verus/bignum/vericoder_gpt_15-09_18h47/bignum_DivMod_impl.rs:76:37
   |
76 |     let q: Vec<char> = Vec::<char>::from_seq(q_s);
   |                                     ^^^^^^^^ function or associated item not found in `Vec<char>`
   |
note: if you're trying to build a new `std::vec::Vec<char>` consider using one of the following associated functions:
      std::vec::Vec::<T>::new
      std::vec::Vec::<T>::with_capacity
      std::vec::Vec::<T>::try_with_capacity
      std::vec::Vec::<T>::from_raw_parts
      and 6 others
  --> /rustc/6b00bc3880198600130e1cf62b8f8a93494488cc/library/alloc/src/vec/mod.rs:434:5
help: there is an associated function `from` with a similar name
   |
76 -     let q: Vec<char> = Vec::<char>::from_seq(q_s);
76 +     let q: Vec<char> = Vec::<char>::from(q_s);
   |

error[E0599]: no function or associated item named `from_seq` found for struct `std::vec::Vec<char>` in the current scope
  --> /Users/sergiu.bursuc/baif/vericoding/benchmarks/verus/bignum/vericoder_gpt_15-09_18h47/bignum_DivMod_impl.rs:77:37
   |
77 |     let r: Vec<char> = Vec::<char>::from_seq(r_s);
   |                                     ^^^^^^^^ function or associated item not found in `Vec<char>`
   |
note: if you're trying to build a new `std::vec::Vec<char>` consider using one of the following associated functions:
      std::vec::Vec::<T>::new
      std::vec::Vec::<T>::with_capacity
      std::vec::Vec::<T>::try_with_capacity
      std::vec::Vec::<T>::from_raw_parts
      and 6 others
  --> /rustc/6b00bc3880198600130e1cf62b8f8a93494488cc/library/alloc/src/vec/mod.rs:434:5
help: there is an associated function `from` with a similar name
   |
77 -     let r: Vec<char> = Vec::<char>::from_seq(r_s);
77 +     let r: Vec<char> = Vec::<char>::from(r_s);
   |

error: aborting due to 2 previous errors

For more information about this error, try `rustc --explain E0599`.

--------------------------------------------------------------------------------

Additional Output:
error[E0599]: no function or associated item named `from_seq` found for struct `std::vec::Vec<char>` in the current scope
  --> /Users/sergiu.bursuc/baif/vericoding/benchmarks/verus/bignum/vericoder_gpt_15-09_18h47/bignum_DivMod_impl.rs:76:37
   |
76 |     let q: Vec<char> = Vec::<char>::from_seq(q_s);
   |                                     ^^^^^^^^ function or associated item not found in `Vec<char>`
   |
note: if you're trying to build a new `std::vec::Vec<char>` consider using one of the following associated functions:
      std::vec::Vec::<T>::new
      std::vec::Vec::<T>::with_capacity
      std::vec::Vec::<T>::try_with_capacity
      std::vec::Vec::<T>::from_raw_parts
      and 6 others
  --> /rustc/6b00bc3880198600130e1cf62b8f8a93494488cc/library/alloc/src/vec/mod.rs:434:5
help: there is an associated function `from` with a similar name
   |
76 -     let q: Vec<char> = Vec::<char>::from_seq(q_s);
76 +     let q: Vec<char> = Vec::<char>::from(q_s);
   |

error[E0599]: no function or associated item named `from_seq` found for struct `std::vec::Vec<char>` in the current scope
  --> /Users/sergiu.bursuc/baif/vericoding/benchmarks/verus/bignum/vericoder_gpt_15-09_18h47/bignum_DivMod_impl.rs:77:37
   |
77 |     let r: Vec<char> = Vec::<char>::from_seq(r_s);
   |                                     ^^^^^^^^ function or associated item not found in `Vec<char>`
   |
note: if you're trying to build a new `std::vec::Vec<char>` consider using one of the following associated functions:
      std::vec::Vec::<T>::new
      std::vec::Vec::<T>::with_capacity
      std::vec::Vec::<T>::try_with_capacity
      std::vec::Vec::<T>::from_raw_parts
      and 6 others
  --> /rustc/6b00bc3880198600130e1cf62b8f8a93494488cc/library/alloc/src/vec/mod.rs:434:5
help: there is an associated function `from` with a similar name
   |
77 -     let r: Vec<char> = Vec::<char>::from_seq(r_s);
77 +     let r: Vec<char> = Vec::<char>::from(r_s);
   |

error: aborting due to 2 previous errors

For more information about this error, try `rustc --explain E0599`.
