=== Verification Error - Iteration 9 ===
File: /Users/sergiu.bursuc/baif/vericoding/benchmarks/verus/bignum/files/bignum_ModExp_ModExpPow2_Mul_Zeroes.rs
Time: 2025-09-15 20:30:04

Full Error Output:
--------------------------------------------------------------------------------
Compilation failed: error[E0433]: failed to resolve: could not find `vec` in `vstd`
   --> /Users/sergiu.bursuc/baif/vericoding/benchmarks/verus/bignum/vericoder_gpt_15-09_18h47/bignum_ModExp_ModExpPow2_Mul_Zeroes_impl.rs:112:36
    |
112 |     let res_vec: Vec<char> = vstd::vec::from_seq(bits);
    |                                    ^^^ could not find `vec` in `vstd`

error: aborting due to 1 previous error

For more information about this error, try `rustc --explain E0433`.

--------------------------------------------------------------------------------

Additional Output:
error[E0433]: failed to resolve: could not find `vec` in `vstd`
   --> /Users/sergiu.bursuc/baif/vericoding/benchmarks/verus/bignum/vericoder_gpt_15-09_18h47/bignum_ModExp_ModExpPow2_Mul_Zeroes_impl.rs:112:36
    |
112 |     let res_vec: Vec<char> = vstd::vec::from_seq(bits);
    |                                    ^^^ could not find `vec` in `vstd`

error: aborting due to 1 previous error

For more information about this error, try `rustc --explain E0433`.
