=== Verification Error - Iteration 3 ===
File: /Users/sergiu.bursuc/baif/vericoding/benchmarks/verus/bignum/files/bignum_ModExpPow2_Add.rs
Time: 2025-09-15 18:55:57

Full Error Output:
--------------------------------------------------------------------------------
Compilation failed: error[E0308]: `if` and `else` have incompatible types
  --> /Users/sergiu.bursuc/baif/vericoding/benchmarks/verus/bignum/vericoder_grok-code_15-09_18h47/bignum_ModExpPow2_Add_impl.rs:40:45
   |
40 |         decreases (((if i >= 0 { i } else { -1 }) as usize) + ((if j >= 0 { j } else { -1 }) as usize) + (carry as usize))
   |                                  -          ^^ expected `isize`, found `int`
   |                                  |
   |                                  expected because of this

error[E0308]: `if` and `else` have incompatible types
  --> /Users/sergiu.bursuc/baif/vericoding/benchmarks/verus/bignum/vericoder_grok-code_15-09_18h47/bignum_ModExpPow2_Add_impl.rs:40:88
   |
40 |         decreases (((if i >= 0 { i } else { -1 }) as usize) + ((if j >= 0 { j } else { -1 }) as usize) + (carry as usize))
   |                                                                             -          ^^ expected `isize`, found `int`
   |                                                                             |
   |                                                                             expected because of this

error[E0308]: mismatched types
  --> /Users/sergiu.bursuc/baif/vericoding/benchmarks/verus/bignum/vericoder_grok-code_15-09_18h47/bignum_ModExpPow2_Add_impl.rs:93:46
   |
93 |         forall |p: usize| 0 <= p < k ==> sx@[p] == '0' || sx@[p] == '1',
   |                                          ----^-
   |                                          |   |
   |                                          |   expected `int`, found `usize`
   |                                          arguments to this method are incorrect
   |
note: method defined here
  --> /Users/runner/work/verus/verus/source/vstd/seq.rs:60:22

error[E0308]: mismatched types
  --> /Users/sergiu.bursuc/baif/vericoding/benchmarks/verus/bignum/vericoder_grok-code_15-09_18h47/bignum_ModExpPow2_Add_impl.rs:93:63
   |
93 |         forall |p: usize| 0 <= p < k ==> sx@[p] == '0' || sx@[p] == '1',
   |                                                           ----^-
   |                                                           |   |
   |                                                           |   expected `int`, found `usize`
   |                                                           arguments to this method are incorrect
   |
note: method defined here
  --> /Users/runner/work/verus/verus/source/vstd/seq.rs:60:22

error[E0308]: mismatched types
   --> /Users/sergiu.bursuc/baif/vericoding/benchmarks/verus/bignum/vericoder_grok-code_15-09_18h47/bignum_ModExpPow2_Add_impl.rs:101:46
    |
101 |         forall |p: usize| 0 <= p < k ==> sy@[p] == '0' || sy@[p] == '1',
    |                                          ----^-
    |                                          |   |
    |                                          |   expected `int`, found `usize`
    |                                          arguments to this method are incorrect
    |
note: method defined here
   --> /Users/runner/work/verus/verus/source/vstd/seq.rs:60:22

error[E0308]: mismatched types
   --> /Users/sergiu.bursuc/baif/vericoding/benchmarks/verus/bignum/vericoder_grok-code_15-09_18h47/bignum_ModExpPow2_Add_impl.rs:101:63
    |
101 |         forall |p: usize| 0 <= p < k ==> sy@[p] == '0' || sy@[p] == '1',
    |                                                           ----^-
    |                                                           |   |
    |                                                           |   expected `int`, found `usize`
    |                                                           arguments to this method are incorrect
    |
note: method defined here
   --> /Users/runner/work/verus/verus/source/vstd/seq.rs:60:22

error[E0308]: mismatched types
   --> /Users/sergiu.bursuc/baif/vericoding/benchmarks/verus/bignum/vericoder_grok-code_15-09_18h47/bignum_ModExpPow2_Add_impl.rs:113:16
    |
113 |     while nn > 0
    |           --   ^ expected `int`, found integer
    |           |
    |           expected because this is `verus_builtin::int`

error[E0368]: binary assignment operation `-=` cannot be applied to type `verus_builtin::int`
   --> /Users/sergiu.bursuc/baif/vericoding/benchmarks/verus/bignum/vericoder_grok-code_15-09_18h47/bignum_ModExpPow2_Add_impl.rs:119:9
    |
119 |         nn -= 1;
    |         --^^^^^
    |         |
    |         cannot use `-=` on type `verus_builtin::int`
    |
note: the foreign item type `verus_builtin::int` doesn't implement `std::ops::SubAssign<{integer}>`
   --> /Users/runner/work/verus/verus/source/builtin/src/lib.rs:580:1
    |
    = note: not implement `std::ops::SubAssign<{integer}>`

error[E0308]: mismatched types
   --> /Users/sergiu.bursuc/baif/vericoding/benchmarks/verus/bignum/vericoder_grok-code_15-09_18h47/bignum_ModExpPow2_Add_impl.rs:127:46
    |
127 |         forall |p: usize| 0 <= p < k ==> sz@[p] == '0' || sz@[p] == '1',
    |                                          ----^-
    |                                          |   |
    |                                          |   expected `int`, found `usize`
    |                                          arguments to this method are incorrect
    |
note: method defined here
   --> /Users/runner/work/verus/verus/source/vstd/seq.rs:60:22

error[E0308]: mismatched types
   --> /Users/sergiu.bursuc/baif/vericoding/benchmarks/verus/bignum/vericoder_grok-code_15-09_18h47/bignum_ModExpPow2_Add_impl.rs:127:63
    |
127 |         forall |p: usize| 0 <= p < k ==> sz@[p] == '0' || sz@[p] == '1',
    |                                                           ----^-
    |                                                           |   |
    |                                                           |   expected `int`, found `usize`
    |                                                           arguments to this method are incorrect
    |
note: method defined here
   --> /Users/runner/work/verus/verus/source/vstd/seq.rs:60:22

error[E0308]: mismatched types
   --> /Users/sergiu.bursuc/baif/vericoding/benchmarks/verus/bignum/vericoder_grok-code_15-09_18h47/bignum_ModExpPow2_Add_impl.rs:136:32
    |
136 |     invariant res % modz * b % modz == b % modz,
    |               -----------------^^^^
    |               |                |
    |               |                expected `int`, found `usize`
    |               arguments to this method are incorrect
    |
help: the return type of this call is `usize` due to the type of the argument passed
   --> /Users/sergiu.bursuc/baif/vericoding/benchmarks/verus/bignum/vericoder_grok-code_15-09_18h47/bignum_ModExpPow2_Add_impl.rs:136:15
    |
136 |     invariant res % modz * b % modz == b % modz,
    |               ^^^^^^^^^^^^^^^^^----
    |                                |
    |                                this argument influences the return type of `spec_euclidean_mod`
note: method defined here
   --> /Users/runner/work/verus/verus/source/builtin/src/lib.rs:1061:8

error: aborting due to 11 previous errors

Some errors have detailed explanations: E0308, E0368.
For more information about an error, try `rustc --explain E0308`.

--------------------------------------------------------------------------------

Additional Output:
error[E0308]: `if` and `else` have incompatible types
  --> /Users/sergiu.bursuc/baif/vericoding/benchmarks/verus/bignum/vericoder_grok-code_15-09_18h47/bignum_ModExpPow2_Add_impl.rs:40:45
   |
40 |         decreases (((if i >= 0 { i } else { -1 }) as usize) + ((if j >= 0 { j } else { -1 }) as usize) + (carry as usize))
   |                                  -          ^^ expected `isize`, found `int`
   |                                  |
   |                                  expected because of this

error[E0308]: `if` and `else` have incompatible types
  --> /Users/sergiu.bursuc/baif/vericoding/benchmarks/verus/bignum/vericoder_grok-code_15-09_18h47/bignum_ModExpPow2_Add_impl.rs:40:88
   |
40 |         decreases (((if i >= 0 { i } else { -1 }) as usize) + ((if j >= 0 { j } else { -1 }) as usize) + (carry as usize))
   |                                                                             -          ^^ expected `isize`, found `int`
   |                                                                             |
   |                                                                             expected because of this

error[E0308]: mismatched types
  --> /Users/sergiu.bursuc/baif/vericoding/benchmarks/verus/bignum/vericoder_grok-code_15-09_18h47/bignum_ModExpPow2_Add_impl.rs:93:46
   |
93 |         forall |p: usize| 0 <= p < k ==> sx@[p] == '0' || sx@[p] == '1',
   |                                          ----^-
   |                                          |   |
   |                                          |   expected `int`, found `usize`
   |                                          arguments to this method are incorrect
   |
note: method defined here
  --> /Users/runner/work/verus/verus/source/vstd/seq.rs:60:22

error[E0308]: mismatched types
  --> /Users/sergiu.bursuc/baif/vericoding/benchmarks/verus/bignum/vericoder_grok-code_15-09_18h47/bignum_ModExpPow2_Add_impl.rs:93:63
   |
93 |         forall |p: usize| 0 <= p < k ==> sx@[p] == '0' || sx@[p] == '1',
   |                                                           ----^-
   |                                                           |   |
   |                                                           |   expected `int`, found `usize`
   |                                                           arguments to this method are incorrect
   |
note: method defined here
  --> /Users/runner/work/verus/verus/source/vstd/seq.rs:60:22

error[E0308]: mismatched types
   --> /Users/sergiu.bursuc/baif/vericoding/benchmarks/verus/bignum/vericoder_grok-code_15-09_18h47/bignum_ModExpPow2_Add_impl.rs:101:46
    |
101 |         forall |p: usize| 0 <= p < k ==> sy@[p] == '0' || sy@[p] == '1',
    |                                          ----^-
    |                                          |   |
    |                                          |   expected `int`, found `usize`
    |                                          arguments to this method are incorrect
    |
note: method defined here
   --> /Users/runner/work/verus/verus/source/vstd/seq.rs:60:22

error[E0308]: mismatched types
   --> /Users/sergiu.bursuc/baif/vericoding/benchmarks/verus/bignum/vericoder_grok-code_15-09_18h47/bignum_ModExpPow2_Add_impl.rs:101:63
    |
101 |         forall |p: usize| 0 <= p < k ==> sy@[p] == '0' || sy@[p] == '1',
    |                                                           ----^-
    |                                                           |   |
    |                                                           |   expected `int`, found `usize`
    |                                                           arguments to this method are incorrect
    |
note: method defined here
   --> /Users/runner/work/verus/verus/source/vstd/seq.rs:60:22

error[E0308]: mismatched types
   --> /Users/sergiu.bursuc/baif/vericoding/benchmarks/verus/bignum/vericoder_grok-code_15-09_18h47/bignum_ModExpPow2_Add_impl.rs:113:16
    |
113 |     while nn > 0
    |           --   ^ expected `int`, found integer
    |           |
    |           expected because this is `verus_builtin::int`

error[E0368]: binary assignment operation `-=` cannot be applied to type `verus_builtin::int`
   --> /Users/sergiu.bursuc/baif/vericoding/benchmarks/verus/bignum/vericoder_grok-code_15-09_18h47/bignum_ModExpPow2_Add_impl.rs:119:9
    |
119 |         nn -= 1;
    |         --^^^^^
    |         |
    |         cannot use `-=` on type `verus_builtin::int`
    |
note: the foreign item type `verus_builtin::int` doesn't implement `std::ops::SubAssign<{integer}>`
   --> /Users/runner/work/verus/verus/source/builtin/src/lib.rs:580:1
    |
    = note: not implement `std::ops::SubAssign<{integer}>`

error[E0308]: mismatched types
   --> /Users/sergiu.bursuc/baif/vericoding/benchmarks/verus/bignum/vericoder_grok-code_15-09_18h47/bignum_ModExpPow2_Add_impl.rs:127:46
    |
127 |         forall |p: usize| 0 <= p < k ==> sz@[p] == '0' || sz@[p] == '1',
    |                                          ----^-
    |                                          |   |
    |                                          |   expected `int`, found `usize`
    |                                          arguments to this method are incorrect
    |
note: method defined here
   --> /Users/runner/work/verus/verus/source/vstd/seq.rs:60:22

error[E0308]: mismatched types
   --> /Users/sergiu.bursuc/baif/vericoding/benchmarks/verus/bignum/vericoder_grok-code_15-09_18h47/bignum_ModExpPow2_Add_impl.rs:127:63
    |
127 |         forall |p: usize| 0 <= p < k ==> sz@[p] == '0' || sz@[p] == '1',
    |                                                           ----^-
    |                                                           |   |
    |                                                           |   expected `int`, found `usize`
    |                                                           arguments to this method are incorrect
    |
note: method defined here
   --> /Users/runner/work/verus/verus/source/vstd/seq.rs:60:22

error[E0308]: mismatched types
   --> /Users/sergiu.bursuc/baif/vericoding/benchmarks/verus/bignum/vericoder_grok-code_15-09_18h47/bignum_ModExpPow2_Add_impl.rs:136:32
    |
136 |     invariant res % modz * b % modz == b % modz,
    |               -----------------^^^^
    |               |                |
    |               |                expected `int`, found `usize`
    |               arguments to this method are incorrect
    |
help: the return type of this call is `usize` due to the type of the argument passed
   --> /Users/sergiu.bursuc/baif/vericoding/benchmarks/verus/bignum/vericoder_grok-code_15-09_18h47/bignum_ModExpPow2_Add_impl.rs:136:15
    |
136 |     invariant res % modz * b % modz == b % modz,
    |               ^^^^^^^^^^^^^^^^^----
    |                                |
    |                                this argument influences the return type of `spec_euclidean_mod`
note: method defined here
   --> /Users/runner/work/verus/verus/source/builtin/src/lib.rs:1061:8

error: aborting due to 11 previous errors

Some errors have detailed explanations: E0308, E0368.
For more information about an error, try `rustc --explain E0308`.
