=== Verification Error - Iteration 2 ===
File: /Users/sergiu.bursuc/baif/vericoding/benchmarks/verus/bignum/files/bignum_ModExp_DivMod_ModExpPow2.rs
Time: 2025-09-15 19:02:00

Full Error Output:
--------------------------------------------------------------------------------
Compilation failed: error[E0308]: mismatched types
  --> /Users/sergiu.bursuc/baif/vericoding/benchmarks/verus/bignum/vericoder_grok-code_15-09_18h47/bignum_ModExp_DivMod_ModExpPow2_impl.rs:29:15
   |
29 |     while v > 0
   |           -   ^ expected `int`, found integer
   |           |
   |           expected because this is `verus_builtin::int`

error[E0308]: mismatched types
  --> /Users/sergiu.bursuc/baif/vericoding/benchmarks/verus/bignum/vericoder_grok-code_15-09_18h47/bignum_ModExp_DivMod_ModExpPow2_impl.rs:31:25
   |
31 |         res.push(if v % 2 == 1 { '1' } else { '0' });
   |                     -   ^ expected `int`, found integer
   |                     |
   |                     expected because this is `verus_builtin::int`

error[E0308]: mismatched types
  --> /Users/sergiu.bursuc/baif/vericoding/benchmarks/verus/bignum/vericoder_grok-code_15-09_18h47/bignum_ModExp_DivMod_ModExpPow2_impl.rs:31:30
   |
31 |         res.push(if v % 2 == 1 { '1' } else { '0' });
   |                     -----    ^ expected `int`, found integer
   |                     |
   |                     expected because this is `verus_builtin::int`

error[E0308]: mismatched types
  --> /Users/sergiu.bursuc/baif/vericoding/benchmarks/verus/bignum/vericoder_grok-code_15-09_18h47/bignum_ModExp_DivMod_ModExpPow2_impl.rs:32:17
   |
32 |         v = v / 2;
   |             -   ^ expected `int`, found integer
   |             |
   |             expected because this is `verus_builtin::int`

error[E0308]: mismatched types
  --> /Users/sergiu.bursuc/baif/vericoding/benchmarks/verus/bignum/vericoder_grok-code_15-09_18h47/bignum_ModExp_DivMod_ModExpPow2_impl.rs:42:27
   |
42 |     let mut result: int = 0;
   |                     ---   ^ expected `int`, found integer
   |                     |
   |                     expected due to this

error[E0308]: mismatched types
  --> /Users/sergiu.bursuc/baif/vericoding/benchmarks/verus/bignum/vericoder_grok-code_15-09_18h47/bignum_ModExp_DivMod_ModExpPow2_impl.rs:44:27
   |
44 |         result = result * 2 + if s[i] == '1' { 1 } else { 0 };
   |                  ------   ^ expected `int`, found integer
   |                  |
   |                  expected because this is `verus_builtin::int`

error[E0308]: mismatched types
  --> /Users/sergiu.bursuc/baif/vericoding/benchmarks/verus/bignum/vericoder_grok-code_15-09_18h47/bignum_ModExp_DivMod_ModExpPow2_impl.rs:44:48
   |
44 |         result = result * 2 + if s[i] == '1' { 1 } else { 0 };
   |                                                ^ expected `int`, found integer

error[E0308]: mismatched types
  --> /Users/sergiu.bursuc/baif/vericoding/benchmarks/verus/bignum/vericoder_grok-code_15-09_18h47/bignum_ModExp_DivMod_ModExpPow2_impl.rs:44:59
   |
44 |         result = result * 2 + if s[i] == '1' { 1 } else { 0 };
   |                                                           ^ expected `int`, found integer

error[E0308]: mismatched types
  --> /Users/sergiu.bursuc/baif/vericoding/benchmarks/verus/bignum/vericoder_grok-code_15-09_18h47/bignum_ModExp_DivMod_ModExpPow2_impl.rs:52:21
   |
52 |     if exp.len() == 0 {
   |        ---------    ^ expected `nat`, found integer
   |        |
   |        expected because this is `verus_builtin::nat`

error[E0308]: mismatched types
  --> /Users/sergiu.bursuc/baif/vericoding/benchmarks/verus/bignum/vericoder_grok-code_15-09_18h47/bignum_ModExp_DivMod_ModExpPow2_impl.rs:53:9
   |
49 | exec fn pow_mod(base: int, exp: Seq<char>, modulus: int) -> int
   |                                                             --- expected `verus_builtin::int` because of return type
...
53 |         1
   |         ^ expected `int`, found integer

error[E0308]: mismatched types
  --> /Users/sergiu.bursuc/baif/vericoding/benchmarks/verus/bignum/vericoder_grok-code_15-09_18h47/bignum_ModExp_DivMod_ModExpPow2_impl.rs:55:72
   |
55 |         let half = pow_mod(base % modulus, exp.subrange(0, exp.len() - 1), modulus);
   |                                                            ---------   ^ expected `nat`, found integer
   |                                                            |
   |                                                            expected because this is `verus_builtin::nat`

error[E0308]: arguments to this method are incorrect
  --> /Users/sergiu.bursuc/baif/vericoding/benchmarks/verus/bignum/vericoder_grok-code_15-09_18h47/bignum_ModExp_DivMod_ModExpPow2_impl.rs:55:48
   |
55 |         let half = pow_mod(base % modulus, exp.subrange(0, exp.len() - 1), modulus);
   |                                                ^^^^^^^^ -  ------------- expected `int`, found `nat`
   |                                                         |
   |                                                         expected `int`, found integer
   |
note: method defined here
  --> /Users/runner/work/verus/verus/source/vstd/seq.rs:114:26

error[E0308]: mismatched types
  --> /Users/sergiu.bursuc/baif/vericoding/benchmarks/verus/bignum/vericoder_grok-code_15-09_18h47/bignum_ModExp_DivMod_ModExpPow2_impl.rs:57:34
   |
57 |         if exp.index(exp.len() - 1) == '1' {
   |                      ---------   ^ expected `nat`, found integer
   |                      |
   |                      expected because this is `verus_builtin::nat`

error[E0308]: mismatched types
  --> /Users/sergiu.bursuc/baif/vericoding/benchmarks/verus/bignum/vericoder_grok-code_15-09_18h47/bignum_ModExp_DivMod_ModExpPow2_impl.rs:57:22
   |
57 |         if exp.index(exp.len() - 1) == '1' {
   |                ----- ^^^^^^^^^^^^^ expected `int`, found `nat`
   |                |
   |                arguments to this method are incorrect
   |
note: method defined here
  --> /Users/runner/work/verus/verus/source/vstd/seq.rs:53:26

error: aborting due to 14 previous errors

For more information about this error, try `rustc --explain E0308`.

--------------------------------------------------------------------------------

Additional Output:
error[E0308]: mismatched types
  --> /Users/sergiu.bursuc/baif/vericoding/benchmarks/verus/bignum/vericoder_grok-code_15-09_18h47/bignum_ModExp_DivMod_ModExpPow2_impl.rs:29:15
   |
29 |     while v > 0
   |           -   ^ expected `int`, found integer
   |           |
   |           expected because this is `verus_builtin::int`

error[E0308]: mismatched types
  --> /Users/sergiu.bursuc/baif/vericoding/benchmarks/verus/bignum/vericoder_grok-code_15-09_18h47/bignum_ModExp_DivMod_ModExpPow2_impl.rs:31:25
   |
31 |         res.push(if v % 2 == 1 { '1' } else { '0' });
   |                     -   ^ expected `int`, found integer
   |                     |
   |                     expected because this is `verus_builtin::int`

error[E0308]: mismatched types
  --> /Users/sergiu.bursuc/baif/vericoding/benchmarks/verus/bignum/vericoder_grok-code_15-09_18h47/bignum_ModExp_DivMod_ModExpPow2_impl.rs:31:30
   |
31 |         res.push(if v % 2 == 1 { '1' } else { '0' });
   |                     -----    ^ expected `int`, found integer
   |                     |
   |                     expected because this is `verus_builtin::int`

error[E0308]: mismatched types
  --> /Users/sergiu.bursuc/baif/vericoding/benchmarks/verus/bignum/vericoder_grok-code_15-09_18h47/bignum_ModExp_DivMod_ModExpPow2_impl.rs:32:17
   |
32 |         v = v / 2;
   |             -   ^ expected `int`, found integer
   |             |
   |             expected because this is `verus_builtin::int`

error[E0308]: mismatched types
  --> /Users/sergiu.bursuc/baif/vericoding/benchmarks/verus/bignum/vericoder_grok-code_15-09_18h47/bignum_ModExp_DivMod_ModExpPow2_impl.rs:42:27
   |
42 |     let mut result: int = 0;
   |                     ---   ^ expected `int`, found integer
   |                     |
   |                     expected due to this

error[E0308]: mismatched types
  --> /Users/sergiu.bursuc/baif/vericoding/benchmarks/verus/bignum/vericoder_grok-code_15-09_18h47/bignum_ModExp_DivMod_ModExpPow2_impl.rs:44:27
   |
44 |         result = result * 2 + if s[i] == '1' { 1 } else { 0 };
   |                  ------   ^ expected `int`, found integer
   |                  |
   |                  expected because this is `verus_builtin::int`

error[E0308]: mismatched types
  --> /Users/sergiu.bursuc/baif/vericoding/benchmarks/verus/bignum/vericoder_grok-code_15-09_18h47/bignum_ModExp_DivMod_ModExpPow2_impl.rs:44:48
   |
44 |         result = result * 2 + if s[i] == '1' { 1 } else { 0 };
   |                                                ^ expected `int`, found integer

error[E0308]: mismatched types
  --> /Users/sergiu.bursuc/baif/vericoding/benchmarks/verus/bignum/vericoder_grok-code_15-09_18h47/bignum_ModExp_DivMod_ModExpPow2_impl.rs:44:59
   |
44 |         result = result * 2 + if s[i] == '1' { 1 } else { 0 };
   |                                                           ^ expected `int`, found integer

error[E0308]: mismatched types
  --> /Users/sergiu.bursuc/baif/vericoding/benchmarks/verus/bignum/vericoder_grok-code_15-09_18h47/bignum_ModExp_DivMod_ModExpPow2_impl.rs:52:21
   |
52 |     if exp.len() == 0 {
   |        ---------    ^ expected `nat`, found integer
   |        |
   |        expected because this is `verus_builtin::nat`

error[E0308]: mismatched types
  --> /Users/sergiu.bursuc/baif/vericoding/benchmarks/verus/bignum/vericoder_grok-code_15-09_18h47/bignum_ModExp_DivMod_ModExpPow2_impl.rs:53:9
   |
49 | exec fn pow_mod(base: int, exp: Seq<char>, modulus: int) -> int
   |                                                             --- expected `verus_builtin::int` because of return type
...
53 |         1
   |         ^ expected `int`, found integer

error[E0308]: mismatched types
  --> /Users/sergiu.bursuc/baif/vericoding/benchmarks/verus/bignum/vericoder_grok-code_15-09_18h47/bignum_ModExp_DivMod_ModExpPow2_impl.rs:55:72
   |
55 |         let half = pow_mod(base % modulus, exp.subrange(0, exp.len() - 1), modulus);
   |                                                            ---------   ^ expected `nat`, found integer
   |                                                            |
   |                                                            expected because this is `verus_builtin::nat`

error[E0308]: arguments to this method are incorrect
  --> /Users/sergiu.bursuc/baif/vericoding/benchmarks/verus/bignum/vericoder_grok-code_15-09_18h47/bignum_ModExp_DivMod_ModExpPow2_impl.rs:55:48
   |
55 |         let half = pow_mod(base % modulus, exp.subrange(0, exp.len() - 1), modulus);
   |                                                ^^^^^^^^ -  ------------- expected `int`, found `nat`
   |                                                         |
   |                                                         expected `int`, found integer
   |
note: method defined here
  --> /Users/runner/work/verus/verus/source/vstd/seq.rs:114:26

error[E0308]: mismatched types
  --> /Users/sergiu.bursuc/baif/vericoding/benchmarks/verus/bignum/vericoder_grok-code_15-09_18h47/bignum_ModExp_DivMod_ModExpPow2_impl.rs:57:34
   |
57 |         if exp.index(exp.len() - 1) == '1' {
   |                      ---------   ^ expected `nat`, found integer
   |                      |
   |                      expected because this is `verus_builtin::nat`

error[E0308]: mismatched types
  --> /Users/sergiu.bursuc/baif/vericoding/benchmarks/verus/bignum/vericoder_grok-code_15-09_18h47/bignum_ModExp_DivMod_ModExpPow2_impl.rs:57:22
   |
57 |         if exp.index(exp.len() - 1) == '1' {
   |                ----- ^^^^^^^^^^^^^ expected `int`, found `nat`
   |                |
   |                arguments to this method are incorrect
   |
note: method defined here
  --> /Users/runner/work/verus/verus/source/vstd/seq.rs:53:26

error: aborting due to 14 previous errors

For more information about this error, try `rustc --explain E0308`.
