=== Verification Error - Iteration 1 ===
File: /Users/sergiu.bursuc/baif/vericoding/benchmarks/verus/bignum/files/bignum_Mul_Add.rs
Time: 2025-09-15 19:36:39

Full Error Output:
--------------------------------------------------------------------------------
Compilation failed: error[E0425]: cannot find value `result` in this scope
  --> /Users/sergiu.bursuc/baif/vericoding/benchmarks/verus/bignum/vericoder_grok-code_15-09_18h47/bignum_Mul_Add_impl.rs:39:20
   |
39 |     ValidBitString(result@),
   |                    ^^^^^^ not found in this scope

error[E0425]: cannot find value `result` in this scope
  --> /Users/sergiu.bursuc/baif/vericoding/benchmarks/verus/bignum/vericoder_grok-code_15-09_18h47/bignum_Mul_Add_impl.rs:40:13
   |
40 |     Str2Int(result@) == Str2Int(a@) + Str2Int(b@)
   |             ^^^^^^ not found in this scope

error[E0425]: cannot find value `result` in this scope
  --> /Users/sergiu.bursuc/baif/vericoding/benchmarks/verus/bignum/vericoder_grok-code_15-09_18h47/bignum_Mul_Add_impl.rs:87:26
   |
87 |   ensures ValidBitString(result@), Str2Int(result@) == Str2Int(s@) * pow2(n as nat)
   |                          ^^^^^^ not found in this scope

error[E0425]: cannot find value `result` in this scope
  --> /Users/sergiu.bursuc/baif/vericoding/benchmarks/verus/bignum/vericoder_grok-code_15-09_18h47/bignum_Mul_Add_impl.rs:87:44
   |
87 |   ensures ValidBitString(result@), Str2Int(result@) == Str2Int(s@) * pow2(n as nat)
   |                                            ^^^^^^ not found in this scope

error: aborting due to 4 previous errors

For more information about this error, try `rustc --explain E0425`.

--------------------------------------------------------------------------------

Additional Output:
error[E0425]: cannot find value `result` in this scope
  --> /Users/sergiu.bursuc/baif/vericoding/benchmarks/verus/bignum/vericoder_grok-code_15-09_18h47/bignum_Mul_Add_impl.rs:39:20
   |
39 |     ValidBitString(result@),
   |                    ^^^^^^ not found in this scope

error[E0425]: cannot find value `result` in this scope
  --> /Users/sergiu.bursuc/baif/vericoding/benchmarks/verus/bignum/vericoder_grok-code_15-09_18h47/bignum_Mul_Add_impl.rs:40:13
   |
40 |     Str2Int(result@) == Str2Int(a@) + Str2Int(b@)
   |             ^^^^^^ not found in this scope

error[E0425]: cannot find value `result` in this scope
  --> /Users/sergiu.bursuc/baif/vericoding/benchmarks/verus/bignum/vericoder_grok-code_15-09_18h47/bignum_Mul_Add_impl.rs:87:26
   |
87 |   ensures ValidBitString(result@), Str2Int(result@) == Str2Int(s@) * pow2(n as nat)
   |                          ^^^^^^ not found in this scope

error[E0425]: cannot find value `result` in this scope
  --> /Users/sergiu.bursuc/baif/vericoding/benchmarks/verus/bignum/vericoder_grok-code_15-09_18h47/bignum_Mul_Add_impl.rs:87:44
   |
87 |   ensures ValidBitString(result@), Str2Int(result@) == Str2Int(s@) * pow2(n as nat)
   |                                            ^^^^^^ not found in this scope

error: aborting due to 4 previous errors

For more information about this error, try `rustc --explain E0425`.
