=== Verification Error - Iteration 1 ===
File: /Users/sergiu.bursuc/baif/vericoding/benchmarks/verus/bignum/files/bignum_Mul_Add_NormalizeBitString.rs
Time: 2025-09-15 20:37:02

Full Error Output:
--------------------------------------------------------------------------------
Compilation failed: error[E0283]: type annotations needed
  --> /Users/sergiu.bursuc/baif/vericoding/benchmarks/verus/bignum/vericoder_grok-code_15-09_18h47/bignum_Mul_Add_NormalizeBitString_impl.rs:41:121
   |
41 |             (if i < usize::MAX { i } else { s1.len() }) + (if j < usize::MAX { j } else { s2.len() }) + (if carry > 0 { 1 } else { 0 }),
   |                                                                                                                         ^ cannot infer type of the type parameter `hint_please_add_suffix_on_literal_like_100u32_or_100int_or_100nat` declared on the function `spec_literal_integer`
   |
   = note: cannot satisfy `_: verus_builtin::Integer`
   = note: required for `verus_builtin::int` to implement `verus_builtin::SpecAdd<_>`
help: consider specifying the generic argument
   |
41 |             (if i < usize::MAX { i } else { s1.len() }) + (if j < usize::MAX { j } else { s2.len() }) + (if carry > 0 { 1::<hint_please_add_suffix_on_literal_like_100u32_or_100int_or_100nat> } else { 0 }),
   |                                                                                                                          +++++++++++++++++++++++++++++++++++++++++++++++++++++++++++++++++++++

error: aborting due to 1 previous error

For more information about this error, try `rustc --explain E0283`.

--------------------------------------------------------------------------------

Additional Output:
error[E0283]: type annotations needed
  --> /Users/sergiu.bursuc/baif/vericoding/benchmarks/verus/bignum/vericoder_grok-code_15-09_18h47/bignum_Mul_Add_NormalizeBitString_impl.rs:41:121
   |
41 |             (if i < usize::MAX { i } else { s1.len() }) + (if j < usize::MAX { j } else { s2.len() }) + (if carry > 0 { 1 } else { 0 }),
   |                                                                                                                         ^ cannot infer type of the type parameter `hint_please_add_suffix_on_literal_like_100u32_or_100int_or_100nat` declared on the function `spec_literal_integer`
   |
   = note: cannot satisfy `_: verus_builtin::Integer`
   = note: required for `verus_builtin::int` to implement `verus_builtin::SpecAdd<_>`
help: consider specifying the generic argument
   |
41 |             (if i < usize::MAX { i } else { s1.len() }) + (if j < usize::MAX { j } else { s2.len() }) + (if carry > 0 { 1::<hint_please_add_suffix_on_literal_like_100u32_or_100int_or_100nat> } else { 0 }),
   |                                                                                                                          +++++++++++++++++++++++++++++++++++++++++++++++++++++++++++++++++++++

error: aborting due to 1 previous error

For more information about this error, try `rustc --explain E0283`.
