=== Verification Error - Iteration 5 ===
File: /Users/sergiu.bursuc/baif/vericoding/benchmarks/verus/bignum/files/bignum_ModExp_DivMod_ModExpPow2.rs
Time: 2025-09-15 19:03:45

Full Error Output:
--------------------------------------------------------------------------------
Compilation failed: error[E0277]: the trait bound `std::iter::Rev<std::ops::Range<u64>>: vstd::pervasive::ForLoopGhostIteratorNew` is not satisfied
  --> /Users/sergiu.bursuc/baif/vericoding/benchmarks/verus/bignum/vericoder_grok-code_15-09_18h47/bignum_ModExp_DivMod_ModExpPow2_impl.rs:38:5
   |
38 | /     for i in (0..num_bits).rev() {
39 | |         let bit = (x >> i) & 1u64;
40 | |         res.push(if bit == 1u64 { '1' } else { '0' });
41 | |     }
   | |_____^ the trait `vstd::pervasive::ForLoopGhostIteratorNew` is not implemented for `std::iter::Rev<std::ops::Range<u64>>`
   |
   = help: the following other types implement trait `vstd::pervasive::ForLoopGhostIteratorNew`:
             std::collections::hash_map::Iter<'a, Key, Value>
             std::collections::hash_map::Keys<'a, Key, Value>
             std::collections::hash_map::Values<'a, Key, Value>
             std::collections::hash_set::Iter<'a, Key>
             std::collections::vec_deque::Iter<'a, T>
             std::ops::Range<A>
             std::slice::Iter<'a, T>
             std::str::Chars<'a>
             std::vec::IntoIter<T, A>

error[E0277]: the trait bound `std::iter::Rev<std::ops::Range<u64>>: vstd::pervasive::ForLoopGhostIteratorNew` is not satisfied
  --> /Users/sergiu.bursuc/baif/vericoding/benchmarks/verus/bignum/vericoder_grok-code_15-09_18h47/bignum_ModExp_DivMod_ModExpPow2_impl.rs:38:14
   |
38 |     for i in (0..num_bits).rev() {
   |              ^^^^^^^^^^^^^^^^^^^ the trait `vstd::pervasive::ForLoopGhostIteratorNew` is not implemented for `std::iter::Rev<std::ops::Range<u64>>`
   |
   = help: the following other types implement trait `vstd::pervasive::ForLoopGhostIteratorNew`:
             std::collections::hash_map::Iter<'a, Key, Value>
             std::collections::hash_map::Keys<'a, Key, Value>
             std::collections::hash_map::Values<'a, Key, Value>
             std::collections::hash_set::Iter<'a, Key>
             std::collections::vec_deque::Iter<'a, T>
             std::ops::Range<A>
             std::slice::Iter<'a, T>
             std::str::Chars<'a>
             std::vec::IntoIter<T, A>

error: aborting due to 2 previous errors

For more information about this error, try `rustc --explain E0277`.

--------------------------------------------------------------------------------

Additional Output:
error[E0277]: the trait bound `std::iter::Rev<std::ops::Range<u64>>: vstd::pervasive::ForLoopGhostIteratorNew` is not satisfied
  --> /Users/sergiu.bursuc/baif/vericoding/benchmarks/verus/bignum/vericoder_grok-code_15-09_18h47/bignum_ModExp_DivMod_ModExpPow2_impl.rs:38:5
   |
38 | /     for i in (0..num_bits).rev() {
39 | |         let bit = (x >> i) & 1u64;
40 | |         res.push(if bit == 1u64 { '1' } else { '0' });
41 | |     }
   | |_____^ the trait `vstd::pervasive::ForLoopGhostIteratorNew` is not implemented for `std::iter::Rev<std::ops::Range<u64>>`
   |
   = help: the following other types implement trait `vstd::pervasive::ForLoopGhostIteratorNew`:
             std::collections::hash_map::Iter<'a, Key, Value>
             std::collections::hash_map::Keys<'a, Key, Value>
             std::collections::hash_map::Values<'a, Key, Value>
             std::collections::hash_set::Iter<'a, Key>
             std::collections::vec_deque::Iter<'a, T>
             std::ops::Range<A>
             std::slice::Iter<'a, T>
             std::str::Chars<'a>
             std::vec::IntoIter<T, A>

error[E0277]: the trait bound `std::iter::Rev<std::ops::Range<u64>>: vstd::pervasive::ForLoopGhostIteratorNew` is not satisfied
  --> /Users/sergiu.bursuc/baif/vericoding/benchmarks/verus/bignum/vericoder_grok-code_15-09_18h47/bignum_ModExp_DivMod_ModExpPow2_impl.rs:38:14
   |
38 |     for i in (0..num_bits).rev() {
   |              ^^^^^^^^^^^^^^^^^^^ the trait `vstd::pervasive::ForLoopGhostIteratorNew` is not implemented for `std::iter::Rev<std::ops::Range<u64>>`
   |
   = help: the following other types implement trait `vstd::pervasive::ForLoopGhostIteratorNew`:
             std::collections::hash_map::Iter<'a, Key, Value>
             std::collections::hash_map::Keys<'a, Key, Value>
             std::collections::hash_map::Values<'a, Key, Value>
             std::collections::hash_set::Iter<'a, Key>
             std::collections::vec_deque::Iter<'a, T>
             std::ops::Range<A>
             std::slice::Iter<'a, T>
             std::str::Chars<'a>
             std::vec::IntoIter<T, A>

error: aborting due to 2 previous errors

For more information about this error, try `rustc --explain E0277`.
