=== Verification Error - Iteration 3 ===
File: /Users/sergiu.bursuc/baif/vericoding/benchmarks/verus/bignum/files/bignum_Compare_NormalizeBitString.rs
Time: 2025-09-15 19:24:27

Full Error Output:
--------------------------------------------------------------------------------
Compilation failed: error[E0368]: binary assignment operation `+=` cannot be applied to type `vstd::prelude::nat`
  --> /Users/sergiu.bursuc/baif/vericoding/benchmarks/verus/bignum/vericoder_grok-code_15-09_18h47/bignum_Compare_NormalizeBitString_impl.rs:35:5
   |
35 |     i += 1;
   |     -^^^^^
   |     |
   |     cannot use `+=` on type `vstd::prelude::nat`
   |
note: the foreign item type `vstd::prelude::nat` doesn't implement `std::ops::AddAssign<_>`
  --> /Users/runner/work/verus/verus/source/builtin/src/lib.rs:649:1
   |
   = note: not implement `std::ops::AddAssign<_>`

error: aborting due to 1 previous error

For more information about this error, try `rustc --explain E0368`.

--------------------------------------------------------------------------------

Additional Output:
error[E0368]: binary assignment operation `+=` cannot be applied to type `vstd::prelude::nat`
  --> /Users/sergiu.bursuc/baif/vericoding/benchmarks/verus/bignum/vericoder_grok-code_15-09_18h47/bignum_Compare_NormalizeBitString_impl.rs:35:5
   |
35 |     i += 1;
   |     -^^^^^
   |     |
   |     cannot use `+=` on type `vstd::prelude::nat`
   |
note: the foreign item type `vstd::prelude::nat` doesn't implement `std::ops::AddAssign<_>`
  --> /Users/runner/work/verus/verus/source/builtin/src/lib.rs:649:1
   |
   = note: not implement `std::ops::AddAssign<_>`

error: aborting due to 1 previous error

For more information about this error, try `rustc --explain E0368`.
