=== Verification Error - Iteration 1 ===
File: /Users/sergiu.bursuc/baif/vericoding/benchmarks/verus/bignum/files/bignum_Compare_CompareUnequal_NormalizeBitString.rs
Time: 2025-09-15 20:17:48

Full Error Output:
--------------------------------------------------------------------------------
Compilation failed: error[E0608]: cannot index into a value of type `vstd::seq::Seq<char>`
  --> /Users/sergiu.bursuc/baif/vericoding/benchmarks/verus/bignum/vericoder_grok-code_15-09_18h47/bignum_Compare_CompareUnequal_NormalizeBitString_impl.rs:38:32
   |
38 |     while i < s.len() - 1 && s@[i] == '0'
   |                                ^^^

error[E0608]: cannot index into a value of type `vstd::seq::Seq<char>`
  --> /Users/sergiu.bursuc/baif/vericoding/benchmarks/verus/bignum/vericoder_grok-code_15-09_18h47/bignum_Compare_CompareUnequal_NormalizeBitString_impl.rs:45:30
   |
45 |     if i == s.len() - 1 && s@[i] == '0' {
   |                              ^^^

error[E0615]: attempted to take value of method `len` on type `vstd::seq::Seq<char>`
  --> /Users/sergiu.bursuc/baif/vericoding/benchmarks/verus/bignum/vericoder_grok-code_15-09_18h47/bignum_Compare_CompareUnequal_NormalizeBitString_impl.rs:51:19
   |
51 |           result@.len == i
   |                   ^^^ method, not a field
   |
help: use parentheses to call the method
   |
51 |           result@.len() == i
   |                      ++

error[E0608]: cannot index into a value of type `vstd::seq::Seq<char>`
  --> /Users/sergiu.bursuc/baif/vericoding/benchmarks/verus/bignum/vericoder_grok-code_15-09_18h47/bignum_Compare_CompareUnequal_NormalizeBitString_impl.rs:53:23
   |
53 |         result.push(s@[i]);
   |                       ^^^

error[E0615]: attempted to take value of method `len` on type `vstd::seq::Seq<char>`
  --> /Users/sergiu.bursuc/baif/vericoding/benchmarks/verus/bignum/vericoder_grok-code_15-09_18h47/bignum_Compare_CompareUnequal_NormalizeBitString_impl.rs:86:9
   |
86 |     s1@.len > 0,
   |         ^^^ method, not a field
   |
help: use parentheses to call the method
   |
86 |     s1@.len() > 0,
   |            ++

error[E0615]: attempted to take value of method `len` on type `vstd::seq::Seq<char>`
  --> /Users/sergiu.bursuc/baif/vericoding/benchmarks/verus/bignum/vericoder_grok-code_15-09_18h47/bignum_Compare_CompareUnequal_NormalizeBitString_impl.rs:87:9
   |
87 |     s1@.len > 1 ==> s1@[0] != '0',
   |         ^^^ method, not a field
   |
help: use parentheses to call the method
   |
87 |     s1@.len() > 1 ==> s1@[0] != '0',
   |            ++

error[E0615]: attempted to take value of method `len` on type `vstd::seq::Seq<char>`
  --> /Users/sergiu.bursuc/baif/vericoding/benchmarks/verus/bignum/vericoder_grok-code_15-09_18h47/bignum_Compare_CompareUnequal_NormalizeBitString_impl.rs:88:9
   |
88 |     s2@.len > 0,
   |         ^^^ method, not a field
   |
help: use parentheses to call the method
   |
88 |     s2@.len() > 0,
   |            ++

error[E0615]: attempted to take value of method `len` on type `vstd::seq::Seq<char>`
  --> /Users/sergiu.bursuc/baif/vericoding/benchmarks/verus/bignum/vericoder_grok-code_15-09_18h47/bignum_Compare_CompareUnequal_NormalizeBitString_impl.rs:89:9
   |
89 |     s2@.len > 1 ==> s2@[0] != '0',
   |         ^^^ method, not a field
   |
help: use parentheses to call the method
   |
89 |     s2@.len() > 1 ==> s2@[0] != '0',
   |            ++

error[E0277]: can't compare `{integer}` with `vstd::prelude::nat`
   --> /Users/sergiu.bursuc/baif/vericoding/benchmarks/verus/bignum/vericoder_grok-code_15-09_18h47/bignum_Compare_CompareUnequal_NormalizeBitString_impl.rs:101:13
    |
101 |     while i < s1@.len()
    |             ^ no implementation for `{integer} < vstd::prelude::nat` and `{integer} > vstd::prelude::nat`
    |
    = help: the trait `std::cmp::PartialOrd<vstd::prelude::nat>` is not implemented for `{integer}`
    = help: the following other types implement trait `std::cmp::PartialOrd<Rhs>`:
              f128
              f16
              f32
              f64
              i128
              i16
              i32
              i64
            and 8 others

error[E0608]: cannot index into a value of type `vstd::seq::Seq<char>`
   --> /Users/sergiu.bursuc/baif/vericoding/benchmarks/verus/bignum/vericoder_grok-code_15-09_18h47/bignum_Compare_CompareUnequal_NormalizeBitString_impl.rs:107:13
    |
107 |       if s1@[i] < s2@[i] {
    |             ^^^

error[E0608]: cannot index into a value of type `vstd::seq::Seq<char>`
   --> /Users/sergiu.bursuc/baif/vericoding/benchmarks/verus/bignum/vericoder_grok-code_15-09_18h47/bignum_Compare_CompareUnequal_NormalizeBitString_impl.rs:107:22
    |
107 |       if s1@[i] < s2@[i] {
    |                      ^^^

error[E0608]: cannot index into a value of type `vstd::seq::Seq<char>`
   --> /Users/sergiu.bursuc/baif/vericoding/benchmarks/verus/bignum/vericoder_grok-code_15-09_18h47/bignum_Compare_CompareUnequal_NormalizeBitString_impl.rs:109:20
    |
109 |       } else if s1@[i] > s2@[i] {
    |                    ^^^

error[E0608]: cannot index into a value of type `vstd::seq::Seq<char>`
   --> /Users/sergiu.bursuc/baif/vericoding/benchmarks/verus/bignum/vericoder_grok-code_15-09_18h47/bignum_Compare_CompareUnequal_NormalizeBitString_impl.rs:109:29
    |
109 |       } else if s1@[i] > s2@[i] {
    |                             ^^^

error: aborting due to 13 previous errors

Some errors have detailed explanations: E0277, E0608, E0615.
For more information about an error, try `rustc --explain E0277`.

--------------------------------------------------------------------------------

Additional Output:
error[E0608]: cannot index into a value of type `vstd::seq::Seq<char>`
  --> /Users/sergiu.bursuc/baif/vericoding/benchmarks/verus/bignum/vericoder_grok-code_15-09_18h47/bignum_Compare_CompareUnequal_NormalizeBitString_impl.rs:38:32
   |
38 |     while i < s.len() - 1 && s@[i] == '0'
   |                                ^^^

error[E0608]: cannot index into a value of type `vstd::seq::Seq<char>`
  --> /Users/sergiu.bursuc/baif/vericoding/benchmarks/verus/bignum/vericoder_grok-code_15-09_18h47/bignum_Compare_CompareUnequal_NormalizeBitString_impl.rs:45:30
   |
45 |     if i == s.len() - 1 && s@[i] == '0' {
   |                              ^^^

error[E0615]: attempted to take value of method `len` on type `vstd::seq::Seq<char>`
  --> /Users/sergiu.bursuc/baif/vericoding/benchmarks/verus/bignum/vericoder_grok-code_15-09_18h47/bignum_Compare_CompareUnequal_NormalizeBitString_impl.rs:51:19
   |
51 |           result@.len == i
   |                   ^^^ method, not a field
   |
help: use parentheses to call the method
   |
51 |           result@.len() == i
   |                      ++

error[E0608]: cannot index into a value of type `vstd::seq::Seq<char>`
  --> /Users/sergiu.bursuc/baif/vericoding/benchmarks/verus/bignum/vericoder_grok-code_15-09_18h47/bignum_Compare_CompareUnequal_NormalizeBitString_impl.rs:53:23
   |
53 |         result.push(s@[i]);
   |                       ^^^

error[E0615]: attempted to take value of method `len` on type `vstd::seq::Seq<char>`
  --> /Users/sergiu.bursuc/baif/vericoding/benchmarks/verus/bignum/vericoder_grok-code_15-09_18h47/bignum_Compare_CompareUnequal_NormalizeBitString_impl.rs:86:9
   |
86 |     s1@.len > 0,
   |         ^^^ method, not a field
   |
help: use parentheses to call the method
   |
86 |     s1@.len() > 0,
   |            ++

error[E0615]: attempted to take value of method `len` on type `vstd::seq::Seq<char>`
  --> /Users/sergiu.bursuc/baif/vericoding/benchmarks/verus/bignum/vericoder_grok-code_15-09_18h47/bignum_Compare_CompareUnequal_NormalizeBitString_impl.rs:87:9
   |
87 |     s1@.len > 1 ==> s1@[0] != '0',
   |         ^^^ method, not a field
   |
help: use parentheses to call the method
   |
87 |     s1@.len() > 1 ==> s1@[0] != '0',
   |            ++

error[E0615]: attempted to take value of method `len` on type `vstd::seq::Seq<char>`
  --> /Users/sergiu.bursuc/baif/vericoding/benchmarks/verus/bignum/vericoder_grok-code_15-09_18h47/bignum_Compare_CompareUnequal_NormalizeBitString_impl.rs:88:9
   |
88 |     s2@.len > 0,
   |         ^^^ method, not a field
   |
help: use parentheses to call the method
   |
88 |     s2@.len() > 0,
   |            ++

error[E0615]: attempted to take value of method `len` on type `vstd::seq::Seq<char>`
  --> /Users/sergiu.bursuc/baif/vericoding/benchmarks/verus/bignum/vericoder_grok-code_15-09_18h47/bignum_Compare_CompareUnequal_NormalizeBitString_impl.rs:89:9
   |
89 |     s2@.len > 1 ==> s2@[0] != '0',
   |         ^^^ method, not a field
   |
help: use parentheses to call the method
   |
89 |     s2@.len() > 1 ==> s2@[0] != '0',
   |            ++

error[E0277]: can't compare `{integer}` with `vstd::prelude::nat`
   --> /Users/sergiu.bursuc/baif/vericoding/benchmarks/verus/bignum/vericoder_grok-code_15-09_18h47/bignum_Compare_CompareUnequal_NormalizeBitString_impl.rs:101:13
    |
101 |     while i < s1@.len()
    |             ^ no implementation for `{integer} < vstd::prelude::nat` and `{integer} > vstd::prelude::nat`
    |
    = help: the trait `std::cmp::PartialOrd<vstd::prelude::nat>` is not implemented for `{integer}`
    = help: the following other types implement trait `std::cmp::PartialOrd<Rhs>`:
              f128
              f16
              f32
              f64
              i128
              i16
              i32
              i64
            and 8 others

error[E0608]: cannot index into a value of type `vstd::seq::Seq<char>`
   --> /Users/sergiu.bursuc/baif/vericoding/benchmarks/verus/bignum/vericoder_grok-code_15-09_18h47/bignum_Compare_CompareUnequal_NormalizeBitString_impl.rs:107:13
    |
107 |       if s1@[i] < s2@[i] {
    |             ^^^

error[E0608]: cannot index into a value of type `vstd::seq::Seq<char>`
   --> /Users/sergiu.bursuc/baif/vericoding/benchmarks/verus/bignum/vericoder_grok-code_15-09_18h47/bignum_Compare_CompareUnequal_NormalizeBitString_impl.rs:107:22
    |
107 |       if s1@[i] < s2@[i] {
    |                      ^^^

error[E0608]: cannot index into a value of type `vstd::seq::Seq<char>`
   --> /Users/sergiu.bursuc/baif/vericoding/benchmarks/verus/bignum/vericoder_grok-code_15-09_18h47/bignum_Compare_CompareUnequal_NormalizeBitString_impl.rs:109:20
    |
109 |       } else if s1@[i] > s2@[i] {
    |                    ^^^

error[E0608]: cannot index into a value of type `vstd::seq::Seq<char>`
   --> /Users/sergiu.bursuc/baif/vericoding/benchmarks/verus/bignum/vericoder_grok-code_15-09_18h47/bignum_Compare_CompareUnequal_NormalizeBitString_impl.rs:109:29
    |
109 |       } else if s1@[i] > s2@[i] {
    |                             ^^^

error: aborting due to 13 previous errors

Some errors have detailed explanations: E0277, E0608, E0615.
For more information about an error, try `rustc --explain E0277`.
