=== Verification Error - Iteration 1 ===
File: /Users/sergiu.bursuc/baif/vericoding/benchmarks/verus/bignum/files/bignum_ModExp_int.rs
Time: 2025-09-15 19:22:40

Full Error Output:
--------------------------------------------------------------------------------
Compilation failed: error: invalid suffix `nat` for number literal
  --> /Users/sergiu.bursuc/baif/vericoding/benchmarks/verus/bignum/vericoder_grok-code_15-09_18h47/bignum_ModExp_int_impl.rs:32:9
   |
32 |         0nat
   |         ^^^^ invalid suffix `nat`
   |
   = help: the suffix must be one of the numeric types (`u32`, `isize`, `f32`, etc.)

error: invalid suffix `nat` for number literal
  --> /Users/sergiu.bursuc/baif/vericoding/benchmarks/verus/bignum/vericoder_grok-code_15-09_18h47/bignum_ModExp_int_impl.rs:34:9
   |
34 |         2nat * get_int(&s[0..s.len() - 1]) + if s[s.len() - 1] == '1' { 1nat } else { 0nat }
   |         ^^^^ invalid suffix `nat`
   |
   = help: the suffix must be one of the numeric types (`u32`, `isize`, `f32`, etc.)

error: invalid suffix `nat` for number literal
  --> /Users/sergiu.bursuc/baif/vericoding/benchmarks/verus/bignum/vericoder_grok-code_15-09_18h47/bignum_ModExp_int_impl.rs:34:73
   |
34 |         2nat * get_int(&s[0..s.len() - 1]) + if s[s.len() - 1] == '1' { 1nat } else { 0nat }
   |                                                                         ^^^^ invalid suffix `nat`
   |
   = help: the suffix must be one of the numeric types (`u32`, `isize`, `f32`, etc.)

error: invalid suffix `nat` for number literal
  --> /Users/sergiu.bursuc/baif/vericoding/benchmarks/verus/bignum/vericoder_grok-code_15-09_18h47/bignum_ModExp_int_impl.rs:34:87
   |
34 |         2nat * get_int(&s[0..s.len() - 1]) + if s[s.len() - 1] == '1' { 1nat } else { 0nat }
   |                                                                                       ^^^^ invalid suffix `nat`
   |
   = help: the suffix must be one of the numeric types (`u32`, `isize`, `f32`, etc.)

error: invalid suffix `nat` for number literal
  --> /Users/sergiu.bursuc/baif/vericoding/benchmarks/verus/bignum/vericoder_grok-code_15-09_18h47/bignum_ModExp_int_impl.rs:57:9
   |
57 |         1nat
   |         ^^^^ invalid suffix `nat`
   |
   = help: the suffix must be one of the numeric types (`u32`, `isize`, `f32`, etc.)

error: invalid suffix `nat` for number literal
  --> /Users/sergiu.bursuc/baif/vericoding/benchmarks/verus/bignum/vericoder_grok-code_15-09_18h47/bignum_ModExp_int_impl.rs:59:40
   |
59 |         let half = pow_mod(base, exp / 2nat, m);
   |                                        ^^^^ invalid suffix `nat`
   |
   = help: the suffix must be one of the numeric types (`u32`, `isize`, `f32`, etc.)

error: invalid suffix `nat` for number literal
  --> /Users/sergiu.bursuc/baif/vericoding/benchmarks/verus/bignum/vericoder_grok-code_15-09_18h47/bignum_ModExp_int_impl.rs:61:18
   |
61 |         if exp % 2nat == 0 {
   |                  ^^^^ invalid suffix `nat`
   |
   = help: the suffix must be one of the numeric types (`u32`, `isize`, `f32`, etc.)

error: invalid suffix `nat` for number literal
  --> /Users/sergiu.bursuc/baif/vericoding/benchmarks/verus/bignum/vericoder_grok-code_15-09_18h47/bignum_ModExp_int_impl.rs:74:13
   |
74 |     if n == 0nat {
   |             ^^^^ invalid suffix `nat`
   |
   = help: the suffix must be one of the numeric types (`u32`, `isize`, `f32`, etc.)

error: invalid suffix `nat` for number literal
  --> /Users/sergiu.bursuc/baif/vericoding/benchmarks/verus/bignum/vericoder_grok-code_15-09_18h47/bignum_ModExp_int_impl.rs:77:24
   |
77 |         let quot = n / 2nat;
   |                        ^^^^ invalid suffix `nat`
   |
   = help: the suffix must be one of the numeric types (`u32`, `isize`, `f32`, etc.)

error: invalid suffix `nat` for number literal
  --> /Users/sergiu.bursuc/baif/vericoding/benchmarks/verus/bignum/vericoder_grok-code_15-09_18h47/bignum_ModExp_int_impl.rs:78:23
   |
78 |         let rem = n % 2nat;
   |                       ^^^^ invalid suffix `nat`
   |
   = help: the suffix must be one of the numeric types (`u32`, `isize`, `f32`, etc.)

error[E0308]: mismatched types
  --> /Users/sergiu.bursuc/baif/vericoding/benchmarks/verus/bignum/vericoder_grok-code_15-09_18h47/bignum_ModExp_int_impl.rs:56:15
   |
56 |     if exp == 0 {
   |        ---    ^ expected `nat`, found integer
   |        |
   |        expected because this is `vstd::prelude::nat`

error[E0308]: mismatched types
  --> /Users/sergiu.bursuc/baif/vericoding/benchmarks/verus/bignum/vericoder_grok-code_15-09_18h47/bignum_ModExp_int_impl.rs:61:26
   |
61 |         if exp % 2nat == 0 {
   |            ----------    ^ expected `nat`, found integer
   |            |
   |            expected because this is `vstd::prelude::nat`

error[E0308]: mismatched types
  --> /Users/sergiu.bursuc/baif/vericoding/benchmarks/verus/bignum/vericoder_grok-code_15-09_18h47/bignum_ModExp_int_impl.rs:80:29
   |
80 |         let bit = if rem == 1 { '1' } else { '0' };
   |                      ---    ^ expected `nat`, found integer
   |                      |
   |                      expected because this is `vstd::prelude::nat`

error[E0599]: no method named `concat` found for struct `vstd::seq::Seq` in the current scope
  --> /Users/sergiu.bursuc/baif/vericoding/benchmarks/verus/bignum/vericoder_grok-code_15-09_18h47/bignum_ModExp_int_impl.rs:81:16
   |
81 |         higher.concat(Seq::singleton(bit))
   |                ^^^^^^ method not found in `Seq<char>`

error[E0599]: no function or associated item named `singleton` found for struct `vstd::seq::Seq` in the current scope
  --> /Users/sergiu.bursuc/baif/vericoding/benchmarks/verus/bignum/vericoder_grok-code_15-09_18h47/bignum_ModExp_int_impl.rs:81:28
   |
81 |         higher.concat(Seq::singleton(bit))
   |                            ^^^^^^^^^ function or associated item not found in `Seq<_>`
   |
note: if you're trying to build a new `vstd::seq::Seq<_>` consider using one of the following associated functions:
      vstd::seq::Seq::<A>::empty
      vstd::seq::Seq::<A>::new
      vstd::seq::Seq::<A>::tracked_empty
  --> /Users/runner/work/verus/verus/source/vstd/seq.rs:38:5

error[E0599]: no function or associated item named `from_seq` found for struct `std::vec::Vec<_, _>` in the current scope
  --> /Users/sergiu.bursuc/baif/vericoding/benchmarks/verus/bignum/vericoder_grok-code_15-09_18h47/bignum_ModExp_int_impl.rs:99:10
   |
99 |     Vec::from_seq(s)
   |          ^^^^^^^^ function or associated item not found in `Vec<_, _>`
   |
note: if you're trying to build a new `std::vec::Vec<_, _>` consider using one of the following associated functions:
      std::vec::Vec::<T>::new
      std::vec::Vec::<T>::with_capacity
      std::vec::Vec::<T>::try_with_capacity
      std::vec::Vec::<T>::from_raw_parts
      and 6 others
  --> /rustc/6b00bc3880198600130e1cf62b8f8a93494488cc/library/alloc/src/vec/mod.rs:434:5
help: there is an associated function `from` with a similar name
   |
99 -     Vec::from_seq(s)
99 +     Vec::from(s)
   |

error: aborting due to 16 previous errors

Some errors have detailed explanations: E0308, E0599.
For more information about an error, try `rustc --explain E0308`.

--------------------------------------------------------------------------------

Additional Output:
error: invalid suffix `nat` for number literal
  --> /Users/sergiu.bursuc/baif/vericoding/benchmarks/verus/bignum/vericoder_grok-code_15-09_18h47/bignum_ModExp_int_impl.rs:32:9
   |
32 |         0nat
   |         ^^^^ invalid suffix `nat`
   |
   = help: the suffix must be one of the numeric types (`u32`, `isize`, `f32`, etc.)

error: invalid suffix `nat` for number literal
  --> /Users/sergiu.bursuc/baif/vericoding/benchmarks/verus/bignum/vericoder_grok-code_15-09_18h47/bignum_ModExp_int_impl.rs:34:9
   |
34 |         2nat * get_int(&s[0..s.len() - 1]) + if s[s.len() - 1] == '1' { 1nat } else { 0nat }
   |         ^^^^ invalid suffix `nat`
   |
   = help: the suffix must be one of the numeric types (`u32`, `isize`, `f32`, etc.)

error: invalid suffix `nat` for number literal
  --> /Users/sergiu.bursuc/baif/vericoding/benchmarks/verus/bignum/vericoder_grok-code_15-09_18h47/bignum_ModExp_int_impl.rs:34:73
   |
34 |         2nat * get_int(&s[0..s.len() - 1]) + if s[s.len() - 1] == '1' { 1nat } else { 0nat }
   |                                                                         ^^^^ invalid suffix `nat`
   |
   = help: the suffix must be one of the numeric types (`u32`, `isize`, `f32`, etc.)

error: invalid suffix `nat` for number literal
  --> /Users/sergiu.bursuc/baif/vericoding/benchmarks/verus/bignum/vericoder_grok-code_15-09_18h47/bignum_ModExp_int_impl.rs:34:87
   |
34 |         2nat * get_int(&s[0..s.len() - 1]) + if s[s.len() - 1] == '1' { 1nat } else { 0nat }
   |                                                                                       ^^^^ invalid suffix `nat`
   |
   = help: the suffix must be one of the numeric types (`u32`, `isize`, `f32`, etc.)

error: invalid suffix `nat` for number literal
  --> /Users/sergiu.bursuc/baif/vericoding/benchmarks/verus/bignum/vericoder_grok-code_15-09_18h47/bignum_ModExp_int_impl.rs:57:9
   |
57 |         1nat
   |         ^^^^ invalid suffix `nat`
   |
   = help: the suffix must be one of the numeric types (`u32`, `isize`, `f32`, etc.)

error: invalid suffix `nat` for number literal
  --> /Users/sergiu.bursuc/baif/vericoding/benchmarks/verus/bignum/vericoder_grok-code_15-09_18h47/bignum_ModExp_int_impl.rs:59:40
   |
59 |         let half = pow_mod(base, exp / 2nat, m);
   |                                        ^^^^ invalid suffix `nat`
   |
   = help: the suffix must be one of the numeric types (`u32`, `isize`, `f32`, etc.)

error: invalid suffix `nat` for number literal
  --> /Users/sergiu.bursuc/baif/vericoding/benchmarks/verus/bignum/vericoder_grok-code_15-09_18h47/bignum_ModExp_int_impl.rs:61:18
   |
61 |         if exp % 2nat == 0 {
   |                  ^^^^ invalid suffix `nat`
   |
   = help: the suffix must be one of the numeric types (`u32`, `isize`, `f32`, etc.)

error: invalid suffix `nat` for number literal
  --> /Users/sergiu.bursuc/baif/vericoding/benchmarks/verus/bignum/vericoder_grok-code_15-09_18h47/bignum_ModExp_int_impl.rs:74:13
   |
74 |     if n == 0nat {
   |             ^^^^ invalid suffix `nat`
   |
   = help: the suffix must be one of the numeric types (`u32`, `isize`, `f32`, etc.)

error: invalid suffix `nat` for number literal
  --> /Users/sergiu.bursuc/baif/vericoding/benchmarks/verus/bignum/vericoder_grok-code_15-09_18h47/bignum_ModExp_int_impl.rs:77:24
   |
77 |         let quot = n / 2nat;
   |                        ^^^^ invalid suffix `nat`
   |
   = help: the suffix must be one of the numeric types (`u32`, `isize`, `f32`, etc.)

error: invalid suffix `nat` for number literal
  --> /Users/sergiu.bursuc/baif/vericoding/benchmarks/verus/bignum/vericoder_grok-code_15-09_18h47/bignum_ModExp_int_impl.rs:78:23
   |
78 |         let rem = n % 2nat;
   |                       ^^^^ invalid suffix `nat`
   |
   = help: the suffix must be one of the numeric types (`u32`, `isize`, `f32`, etc.)

error[E0308]: mismatched types
  --> /Users/sergiu.bursuc/baif/vericoding/benchmarks/verus/bignum/vericoder_grok-code_15-09_18h47/bignum_ModExp_int_impl.rs:56:15
   |
56 |     if exp == 0 {
   |        ---    ^ expected `nat`, found integer
   |        |
   |        expected because this is `vstd::prelude::nat`

error[E0308]: mismatched types
  --> /Users/sergiu.bursuc/baif/vericoding/benchmarks/verus/bignum/vericoder_grok-code_15-09_18h47/bignum_ModExp_int_impl.rs:61:26
   |
61 |         if exp % 2nat == 0 {
   |            ----------    ^ expected `nat`, found integer
   |            |
   |            expected because this is `vstd::prelude::nat`

error[E0308]: mismatched types
  --> /Users/sergiu.bursuc/baif/vericoding/benchmarks/verus/bignum/vericoder_grok-code_15-09_18h47/bignum_ModExp_int_impl.rs:80:29
   |
80 |         let bit = if rem == 1 { '1' } else { '0' };
   |                      ---    ^ expected `nat`, found integer
   |                      |
   |                      expected because this is `vstd::prelude::nat`

error[E0599]: no method named `concat` found for struct `vstd::seq::Seq` in the current scope
  --> /Users/sergiu.bursuc/baif/vericoding/benchmarks/verus/bignum/vericoder_grok-code_15-09_18h47/bignum_ModExp_int_impl.rs:81:16
   |
81 |         higher.concat(Seq::singleton(bit))
   |                ^^^^^^ method not found in `Seq<char>`

error[E0599]: no function or associated item named `singleton` found for struct `vstd::seq::Seq` in the current scope
  --> /Users/sergiu.bursuc/baif/vericoding/benchmarks/verus/bignum/vericoder_grok-code_15-09_18h47/bignum_ModExp_int_impl.rs:81:28
   |
81 |         higher.concat(Seq::singleton(bit))
   |                            ^^^^^^^^^ function or associated item not found in `Seq<_>`
   |
note: if you're trying to build a new `vstd::seq::Seq<_>` consider using one of the following associated functions:
      vstd::seq::Seq::<A>::empty
      vstd::seq::Seq::<A>::new
      vstd::seq::Seq::<A>::tracked_empty
  --> /Users/runner/work/verus/verus/source/vstd/seq.rs:38:5

error[E0599]: no function or associated item named `from_seq` found for struct `std::vec::Vec<_, _>` in the current scope
  --> /Users/sergiu.bursuc/baif/vericoding/benchmarks/verus/bignum/vericoder_grok-code_15-09_18h47/bignum_ModExp_int_impl.rs:99:10
   |
99 |     Vec::from_seq(s)
   |          ^^^^^^^^ function or associated item not found in `Vec<_, _>`
   |
note: if you're trying to build a new `std::vec::Vec<_, _>` consider using one of the following associated functions:
      std::vec::Vec::<T>::new
      std::vec::Vec::<T>::with_capacity
      std::vec::Vec::<T>::try_with_capacity
      std::vec::Vec::<T>::from_raw_parts
      and 6 others
  --> /rustc/6b00bc3880198600130e1cf62b8f8a93494488cc/library/alloc/src/vec/mod.rs:434:5
help: there is an associated function `from` with a similar name
   |
99 -     Vec::from_seq(s)
99 +     Vec::from(s)
   |

error: aborting due to 16 previous errors

Some errors have detailed explanations: E0308, E0599.
For more information about an error, try `rustc --explain E0308`.
