=== Verification Error - Iteration 6 ===
File: /Users/sergiu.bursuc/baif/vericoding/benchmarks/verus/bignum/files/bignum_Mul_Add_NormalizeBitString.rs
Time: 2025-09-15 20:41:14

Full Error Output:
--------------------------------------------------------------------------------
Compilation failed: error[E0308]: mismatched types
  --> /Users/sergiu.bursuc/baif/vericoding/benchmarks/verus/bignum/vericoder_grok-code_15-09_18h47/bignum_Mul_Add_NormalizeBitString_impl.rs:54:24
   |
54 |         final_vec.push(res_vec.pop());
   |                   ---- ^^^^^^^^^^^^^ expected `char`, found `Option<char>`
   |                   |
   |                   arguments to this method are incorrect
   |
   = note: expected type `char`
              found enum `std::option::Option<char>`
note: method defined here
  --> /rustc/6b00bc3880198600130e1cf62b8f8a93494488cc/library/alloc/src/vec/mod.rs:2442:12
help: consider using `Option::expect` to unwrap the `std::option::Option<char>` value, panicking if the value is an `Option::None`
   |
54 |         final_vec.push(res_vec.pop().expect("REASON"));
   |                                     +++++++++++++++++

error: aborting due to 1 previous error

For more information about this error, try `rustc --explain E0308`.

--------------------------------------------------------------------------------

Additional Output:
error[E0308]: mismatched types
  --> /Users/sergiu.bursuc/baif/vericoding/benchmarks/verus/bignum/vericoder_grok-code_15-09_18h47/bignum_Mul_Add_NormalizeBitString_impl.rs:54:24
   |
54 |         final_vec.push(res_vec.pop());
   |                   ---- ^^^^^^^^^^^^^ expected `char`, found `Option<char>`
   |                   |
   |                   arguments to this method are incorrect
   |
   = note: expected type `char`
              found enum `std::option::Option<char>`
note: method defined here
  --> /rustc/6b00bc3880198600130e1cf62b8f8a93494488cc/library/alloc/src/vec/mod.rs:2442:12
help: consider using `Option::expect` to unwrap the `std::option::Option<char>` value, panicking if the value is an `Option::None`
   |
54 |         final_vec.push(res_vec.pop().expect("REASON"));
   |                                     +++++++++++++++++

error: aborting due to 1 previous error

For more information about this error, try `rustc --explain E0308`.
