=== Verification Error - Iteration 1 ===
File: /Users/sergiu.bursuc/baif/vericoding/benchmarks/verus/bignum/files/bignum_DivMod.rs
Time: 2025-09-15 18:49:54

Full Error Output:
--------------------------------------------------------------------------------
Compilation failed: error: The Verus types 'nat' and 'int' can only be used in ghost code (e.g., in a 'spec' or 'proof' function, inside a 'proof' block, or when assigning to a 'ghost' or 'tracked' variable)
  --> /Users/sergiu.bursuc/baif/vericoding/benchmarks/verus/bignum/vericoder_grok-code_15-09_18h47/bignum_DivMod_impl.rs:63:44
   |
63 |     let mut res = Seq_to_Vec(s.subrange(0, s.len() as int - 1));
   |                                            ^^^^^^^^^^^^^^

error: The Verus types 'nat' and 'int' can only be used in ghost code (e.g., in a 'spec' or 'proof' function, inside a 'proof' block, or when assigning to a 'ghost' or 'tracked' variable)
  --> /Users/sergiu.bursuc/baif/vericoding/benchmarks/verus/bignum/vericoder_grok-code_15-09_18h47/bignum_DivMod_impl.rs:64:22
   |
64 |     res.push(s.index(s.len() as int - 1));
   |                      ^^^^^^^^^^^^^^

error[E0425]: cannot find value `result` in this scope
  --> /Users/sergiu.bursuc/baif/vericoding/benchmarks/verus/bignum/vericoder_grok-code_15-09_18h47/bignum_DivMod_impl.rs:27:20
   |
27 |     ValidBitString(result),
   |                    ^^^^^^ not found in this scope

error[E0425]: cannot find value `result` in this scope
  --> /Users/sergiu.bursuc/baif/vericoding/benchmarks/verus/bignum/vericoder_grok-code_15-09_18h47/bignum_DivMod_impl.rs:28:13
   |
28 |     Str2Int(result) == n,
   |             ^^^^^^ not found in this scope

error: aborting due to 4 previous errors

For more information about this error, try `rustc --explain E0425`.

--------------------------------------------------------------------------------

Additional Output:
error: The Verus types 'nat' and 'int' can only be used in ghost code (e.g., in a 'spec' or 'proof' function, inside a 'proof' block, or when assigning to a 'ghost' or 'tracked' variable)
  --> /Users/sergiu.bursuc/baif/vericoding/benchmarks/verus/bignum/vericoder_grok-code_15-09_18h47/bignum_DivMod_impl.rs:63:44
   |
63 |     let mut res = Seq_to_Vec(s.subrange(0, s.len() as int - 1));
   |                                            ^^^^^^^^^^^^^^

error: The Verus types 'nat' and 'int' can only be used in ghost code (e.g., in a 'spec' or 'proof' function, inside a 'proof' block, or when assigning to a 'ghost' or 'tracked' variable)
  --> /Users/sergiu.bursuc/baif/vericoding/benchmarks/verus/bignum/vericoder_grok-code_15-09_18h47/bignum_DivMod_impl.rs:64:22
   |
64 |     res.push(s.index(s.len() as int - 1));
   |                      ^^^^^^^^^^^^^^

error[E0425]: cannot find value `result` in this scope
  --> /Users/sergiu.bursuc/baif/vericoding/benchmarks/verus/bignum/vericoder_grok-code_15-09_18h47/bignum_DivMod_impl.rs:27:20
   |
27 |     ValidBitString(result),
   |                    ^^^^^^ not found in this scope

error[E0425]: cannot find value `result` in this scope
  --> /Users/sergiu.bursuc/baif/vericoding/benchmarks/verus/bignum/vericoder_grok-code_15-09_18h47/bignum_DivMod_impl.rs:28:13
   |
28 |     Str2Int(result) == n,
   |             ^^^^^^ not found in this scope

error: aborting due to 4 previous errors

For more information about this error, try `rustc --explain E0425`.
