=== Verification Error - Iteration 6 ===
File: /Users/sergiu.bursuc/baif/vericoding/benchmarks/verus/bignum/files/bignum_ModExp_Add_DivMod_ModExpPow2_Zeroes.rs
Time: 2025-09-15 19:32:08

Full Error Output:
--------------------------------------------------------------------------------
Compilation failed: error[E0425]: cannot find value `result` in this scope
  --> /Users/sergiu.bursuc/baif/vericoding/benchmarks/verus/bignum/vericoder_grok-code_15-09_18h47/bignum_ModExp_Add_DivMod_ModExpPow2_Zeroes_impl.rs:35:13
   |
35 |     ensures result >= 0, result as nat == Str2Int(s@)
   |             ^^^^^^ not found in this scope

error[E0425]: cannot find value `result` in this scope
  --> /Users/sergiu.bursuc/baif/vericoding/benchmarks/verus/bignum/vericoder_grok-code_15-09_18h47/bignum_ModExp_Add_DivMod_ModExpPow2_Zeroes_impl.rs:35:26
   |
35 |     ensures result >= 0, result as nat == Str2Int(s@)
   |                          ^^^^^^ not found in this scope

error[E0425]: cannot find value `result` in this scope
  --> /Users/sergiu.bursuc/baif/vericoding/benchmarks/verus/bignum/vericoder_grok-code_15-09_18h47/bignum_ModExp_Add_DivMod_ModExpPow2_Zeroes_impl.rs:62:24
   |
62 |         ValidBitString(result@),
   |                        ^^^^^^ not found in this scope

error[E0425]: cannot find value `result` in this scope
  --> /Users/sergiu.bursuc/baif/vericoding/benchmarks/verus/bignum/vericoder_grok-code_15-09_18h47/bignum_ModExp_Add_DivMod_ModExpPow2_Zeroes_impl.rs:63:17
   |
63 |         Str2Int(result@) == n as nat
   |                 ^^^^^^ not found in this scope

error: aborting due to 4 previous errors

For more information about this error, try `rustc --explain E0425`.

--------------------------------------------------------------------------------

Additional Output:
error[E0425]: cannot find value `result` in this scope
  --> /Users/sergiu.bursuc/baif/vericoding/benchmarks/verus/bignum/vericoder_grok-code_15-09_18h47/bignum_ModExp_Add_DivMod_ModExpPow2_Zeroes_impl.rs:35:13
   |
35 |     ensures result >= 0, result as nat == Str2Int(s@)
   |             ^^^^^^ not found in this scope

error[E0425]: cannot find value `result` in this scope
  --> /Users/sergiu.bursuc/baif/vericoding/benchmarks/verus/bignum/vericoder_grok-code_15-09_18h47/bignum_ModExp_Add_DivMod_ModExpPow2_Zeroes_impl.rs:35:26
   |
35 |     ensures result >= 0, result as nat == Str2Int(s@)
   |                          ^^^^^^ not found in this scope

error[E0425]: cannot find value `result` in this scope
  --> /Users/sergiu.bursuc/baif/vericoding/benchmarks/verus/bignum/vericoder_grok-code_15-09_18h47/bignum_ModExp_Add_DivMod_ModExpPow2_Zeroes_impl.rs:62:24
   |
62 |         ValidBitString(result@),
   |                        ^^^^^^ not found in this scope

error[E0425]: cannot find value `result` in this scope
  --> /Users/sergiu.bursuc/baif/vericoding/benchmarks/verus/bignum/vericoder_grok-code_15-09_18h47/bignum_ModExp_Add_DivMod_ModExpPow2_Zeroes_impl.rs:63:17
   |
63 |         Str2Int(result@) == n as nat
   |                 ^^^^^^ not found in this scope

error: aborting due to 4 previous errors

For more information about this error, try `rustc --explain E0425`.
